#
# There is insufficient memory for the Java Runtime Environment to continue.
# Native memory allocation (malloc) failed to allocate 12404752 bytes for Chunk::new
# Possible reasons:
#   The system is out of physical RAM or swap space
# Possible solutions:
#   Reduce memory load on the system
#   Increase physical memory or swap space
#   Check if swap backing store is full
#   Decrease Java heap size (-Xmx/-Xms)
#   Decrease number of Java threads
#   Decrease Java thread stack sizes (-Xss)
#   Set larger code cache with -XX:ReservedCodeCacheSize=
# This output file may be truncated or incomplete.
#
#  Out of Memory Error (arena.cpp:189), pid=3652, tid=26964
#
# JRE version: Java(TM) SE Runtime Environment (17.0.3+8) (build 17.0.3+8-LTS-111)
# Java VM: Java HotSpot(TM) 64-Bit Server VM (17.0.3+8-LTS-111, mixed mode, sharing, tiered, compressed class ptrs, z gc, windows-amd64)
# No core dump will be written. Minidumps are not enabled by default on client versions of Windows
#

---------------  S U M M A R Y ------------

Command Line: -Dcompose.application.configure.swing.globals=true -Dcompose.application.resources.dir=C:\repo\meteor-client\client\build\compose\tmp\prepareAppResources -Dsun.java2d.uiScale=1.0 -XX:+UseDynamicNumberOfGCThreads -XX:+UseZGC --add-exports=java.base/java.lang=ALL-UNNAMED --add-opens=java.base/java.net=ALL-UNNAMED --add-exports=java.desktop/sun.awt=ALL-UNNAMED --add-exports=java.desktop/sun.java2d=ALL-UNNAMED -Xmx1024m -Dfile.encoding=windows-1252 -Duser.country=US -Duser.language=en -Duser.variant -ea meteor.Main

Host: 12th Gen Intel(R) Core(TM) i9-12900K, 24 cores, 31G,  Windows 11 , 64 bit Build 22000 (10.0.22000.708)
Time: Sat Oct  8 13:17:22 2022 US Eastern Daylight Time elapsed time: 17.074457 seconds (0d 0h 0m 17s)

---------------  T H R E A D  ---------------

Current thread (0x000001b76f893740):  JavaThread "C2 CompilerThread0" daemon [_thread_in_native, id=26964, stack(0x000000abd3900000,0x000000abd3a00000)]


Current CompileTask:
C2:  17074 6474       4       jdk.internal.jimage.BasicImageReader::verifyLocation (39 bytes)

Stack: [0x000000abd3900000,0x000000abd3a00000]
Native frames: (J=compiled Java code, j=interpreted, Vv=VM code, C=native code)
V  [jvm.dll+0x6711ba]
V  [jvm.dll+0x7d0834]
V  [jvm.dll+0x7d1fde]
V  [jvm.dll+0x7d2643]
V  [jvm.dll+0x242c85]
V  [jvm.dll+0xaa57b]
V  [jvm.dll+0xaab0c]
V  [jvm.dll+0x806053]
V  [jvm.dll+0x67669b]
V  [jvm.dll+0x21612f]
V  [jvm.dll+0x215181]
V  [jvm.dll+0x1a1c3d]
V  [jvm.dll+0x2249c8]
V  [jvm.dll+0x222b2c]
V  [jvm.dll+0x78650b]
V  [jvm.dll+0x780aca]
V  [jvm.dll+0x670045]
C  [ucrtbase.dll+0x26c0c]
C  [KERNEL32.DLL+0x154e0]
C  [ntdll.dll+0x485b]


---------------  P R O C E S S  ---------------

Threads class SMR info:
_java_thread_list=0x000001b7104dd5b0, length=41, elements={
0x000001b76fdada20, 0x000001b76fe6e5f0, 0x000001b76fe6eac0, 0x000001b76f883a80,
0x000001b76f887f60, 0x000001b76f88aa50, 0x000001b76f88cf30, 0x000001b76f893740,
0x000001b76f891090, 0x000001b76f8919b0, 0x000001b97a0ccbd0, 0x000001b97a0e06f0,
0x000001b97abfd7e0, 0x000001b97abfdcb0, 0x000001b97b195c90, 0x000001b97b1fc9e0,
0x000001b97b7d1710, 0x000001b97bb786f0, 0x000001b97bb76ee0, 0x000001b97bb79090,
0x000001b97bb79a30, 0x000001b97bb76540, 0x000001b97bb76a10, 0x000001b97ca41090,
0x000001b97ca41f00, 0x000001b97ca423d0, 0x000001b97ca428a0, 0x000001b97ca43240,
0x000001b97ca453f0, 0x000001b97ca42d70, 0x000001b97ca43710, 0x000001b97ca44f20,
0x000001b97ca43be0, 0x000001bca727aac0, 0x000001bca727dfb0, 0x000001b97ad2d4a0,
0x000001b97ad2e3d0, 0x000001b7192600d0, 0x000001b719261a20, 0x000001b7192642a0,
0x000001b7194c5e50
}

Java Threads: ( => current thread )
  0x000001b76fdada20 JavaThread "main" [_thread_blocked, id=2908, stack(0x000000abd1c00000,0x000000abd1d00000)]
  0x000001b76fe6e5f0 JavaThread "Reference Handler" daemon [_thread_blocked, id=20828, stack(0x000000abd3300000,0x000000abd3400000)]
  0x000001b76fe6eac0 JavaThread "Finalizer" daemon [_thread_blocked, id=4388, stack(0x000000abd3400000,0x000000abd3500000)]
  0x000001b76f883a80 JavaThread "Signal Dispatcher" daemon [_thread_blocked, id=19476, stack(0x000000abd3500000,0x000000abd3600000)]
  0x000001b76f887f60 JavaThread "Attach Listener" daemon [_thread_blocked, id=10724, stack(0x000000abd3600000,0x000000abd3700000)]
  0x000001b76f88aa50 JavaThread "Service Thread" daemon [_thread_blocked, id=16132, stack(0x000000abd3700000,0x000000abd3800000)]
  0x000001b76f88cf30 JavaThread "Monitor Deflation Thread" daemon [_thread_blocked, id=16888, stack(0x000000abd3800000,0x000000abd3900000)]
=>0x000001b76f893740 JavaThread "C2 CompilerThread0" daemon [_thread_in_native, id=26964, stack(0x000000abd3900000,0x000000abd3a00000)]
  0x000001b76f891090 JavaThread "C1 CompilerThread0" daemon [_thread_blocked, id=28460, stack(0x000000abd3a00000,0x000000abd3b00000)]
  0x000001b76f8919b0 JavaThread "Sweeper thread" daemon [_thread_blocked, id=27524, stack(0x000000abd3b00000,0x000000abd3c00000)]
  0x000001b97a0ccbd0 JavaThread "Common-Cleaner" daemon [_thread_blocked, id=28488, stack(0x000000abd3e00000,0x000000abd3f00000)]
  0x000001b97a0e06f0 JavaThread "Notification Thread" daemon [_thread_blocked, id=33412, stack(0x000000abd3f00000,0x000000abd4000000)]
  0x000001b97abfd7e0 JavaThread "DefaultDispatcher-worker-1" daemon [_thread_blocked, id=19772, stack(0x000000abd4300000,0x000000abd4400000)]
  0x000001b97abfdcb0 JavaThread "DefaultDispatcher-worker-2" daemon [_thread_blocked, id=31140, stack(0x000000abd4400000,0x000000abd4500000)]
  0x000001b97b195c90 JavaThread "Java2D Disposer" daemon [_thread_blocked, id=32492, stack(0x000000abd4600000,0x000000abd4700000)]
  0x000001b97b1fc9e0 JavaThread "AWT-Windows" daemon [_thread_in_native, id=26376, stack(0x000000abd4800000,0x000000abd4900000)]
  0x000001b97b7d1710 JavaThread "OkHttp TaskRunner" daemon [_thread_blocked, id=12272, stack(0x000000abd4a00000,0x000000abd4b00000)]
  0x000001b97bb786f0 JavaThread "Okio Watchdog" daemon [_thread_blocked, id=3968, stack(0x000000abd4b00000,0x000000abd4c00000)]
  0x000001b97bb76ee0 JavaThread "pool-1-thread-1" [_thread_blocked, id=1856, stack(0x000000abd4e00000,0x000000abd4f00000)]
  0x000001b97bb79090 JavaThread "kotlinx.coroutines.DefaultExecutor" daemon [_thread_blocked, id=25612, stack(0x000000abd4f00000,0x000000abd5000000)]
  0x000001b97bb79a30 JavaThread "Reference Cleaner" daemon [_thread_blocked, id=25632, stack(0x000000abd5000000,0x000000abd5100000)]
  0x000001b97bb76540 JavaThread "AWT-Shutdown" [_thread_blocked, id=29568, stack(0x000000abd5100000,0x000000abd5200000)]
  0x000001b97bb76a10 JavaThread "AWT-EventQueue-0" [_thread_blocked, id=24712, stack(0x000000abd5200000,0x000000abd5300000)]
  0x000001b97ca41090 JavaThread "D3D Screen Updater" daemon [_thread_blocked, id=22724, stack(0x000000abd5900000,0x000000abd5a00000)]
  0x000001b97ca41f00 JavaThread "Thread-3" daemon [_thread_blocked, id=19220, stack(0x000000abd5a00000,0x000000abd5b00000)]
  0x000001b97ca423d0 JavaThread "Client" daemon [_thread_in_Java, id=28832, stack(0x000000abd5b00000,0x000000abd5c00000)]
  0x000001b97ca428a0 JavaThread "Thread-5" daemon [_thread_blocked, id=27784, stack(0x000000abd5e00000,0x000000abd5f00000)]
  0x000001b97ca43240 JavaThread "Thread-6" daemon [_thread_in_native, id=19800, stack(0x000000abd5800000,0x000000abd5900000)]
  0x000001b97ca453f0 JavaThread "Thread-7" daemon [_thread_blocked, id=5488, stack(0x000000abd5c00000,0x000000abd5d00000)]
  0x000001b97ca42d70 JavaThread "Thread-8" daemon [_thread_blocked, id=32240, stack(0x000000abd6600000,0x000000abd6700000)]
  0x000001b97ca43710 JavaThread "Java Sound Event Dispatcher" daemon [_thread_blocked, id=16684, stack(0x000000abd4500000,0x000000abd4600000)]
  0x000001b97ca44f20 JavaThread "pool-3-thread-1" [_thread_blocked, id=20116, stack(0x000000abd6a00000,0x000000abd6b00000)]
  0x000001b97ca43be0 JavaThread "Thread-9" daemon [_thread_blocked, id=26480, stack(0x000000abd6f00000,0x000000abd7000000)]
  0x000001bca727aac0 JavaThread "Thread-10" daemon [_thread_in_native, id=2324, stack(0x000000abd3d00000,0x000000abd3e00000)]
  0x000001bca727dfb0 JavaThread "Thread-11" daemon [_thread_blocked, id=29552, stack(0x000000abd4100000,0x000000abd4200000)]
  0x000001b97ad2d4a0 JavaThread "C1 CompilerThread1" daemon [_thread_blocked, id=2380, stack(0x000000abd3c00000,0x000000abd3d00000)]
  0x000001b97ad2e3d0 JavaThread "C2 CompilerThread1" daemon [_thread_in_native, id=12472, stack(0x000000abd4200000,0x000000abd4300000)]
  0x000001b7192600d0 JavaThread "C2 CompilerThread2" daemon [_thread_in_native, id=17896, stack(0x000000abd6c00000,0x000000abd6d00000)]
  0x000001b719261a20 JavaThread "C2 CompilerThread3" daemon [_thread_blocked, id=26732, stack(0x000000abd6d00000,0x000000abd6e00000)]
  0x000001b7192642a0 JavaThread "C2 CompilerThread4" daemon [_thread_blocked, id=13848, stack(0x000000abd6e00000,0x000000abd6f00000)]
  0x000001b7194c5e50 JavaThread "C2 CompilerThread5" daemon [_thread_blocked, id=3644, stack(0x000000abd7000000,0x000000abd7100000)]

Other Threads:
  0x000001b76fe6bd60 VMThread "VM Thread" [stack: 0x000000abd3200000,0x000000abd3300000] [id=18456]
  0x000001b97a0e0d10 WatcherThread [stack: 0x000000abd4000000,0x000000abd4100000] [id=17192]
  0x000001b76fdfb750 ConcurrentGCThread "ZDirector" [stack: 0x000000abd2600000,0x000000abd2700000] [id=10448]
  0x000001b76fdfadf0 ConcurrentGCThread "ZDriver" [stack: 0x000000abd2500000,0x000000abd2600000] [id=22576]
  0x000001b76fdfc040 ConcurrentGCThread "ZStat" [stack: 0x000000abd2700000,0x000000abd2800000] [id=19544]
  0x000001b76fdf8d00 ConcurrentGCThread "ZUnmapper" [stack: 0x000000abd2300000,0x000000abd2400000] [id=31108]
  0x000001b76fdf95e0 ConcurrentGCThread "ZUncommitter" [stack: 0x000000abd2400000,0x000000abd2500000] [id=30312]
  0x000001b76fdbd050 GCTaskThread "ZWorker#0" [stack: 0x000000abd1d00000,0x000000abd1e00000] [id=23032]
  0x000001b76fdd38f0 GCTaskThread "ZWorker#1" [stack: 0x000000abd1e00000,0x000000abd1f00000] [id=21144]
  0x000001b76fdd5bf0 GCTaskThread "ZWorker#2" [stack: 0x000000abd1f00000,0x000000abd2000000] [id=33620]
  0x000001b76fdd6740 GCTaskThread "ZWorker#3" [stack: 0x000000abd2000000,0x000000abd2100000] [id=10668]
  0x000001b76fdd7a30 GCTaskThread "ZWorker#4" [stack: 0x000000abd2100000,0x000000abd2200000] [id=12248]
  0x000001b76fdd9430 GCTaskThread "ZWorker#5" [stack: 0x000000abd2200000,0x000000abd2300000] [id=30520]
  0x000001b76fdff3f0 Thread "RuntimeWorker#0" [stack: 0x000000abd2800000,0x000000abd2900000] [id=13424]
  0x000001b76fdffb90 Thread "RuntimeWorker#1" [stack: 0x000000abd2900000,0x000000abd2a00000] [id=13588]
  0x000001b76fe00bc0 Thread "RuntimeWorker#2" [stack: 0x000000abd2a00000,0x000000abd2b00000] [id=20012]
  0x000001b76fe03b00 Thread "RuntimeWorker#3" [stack: 0x000000abd2b00000,0x000000abd2c00000] [id=23092]
  0x000001b76fe04290 Thread "RuntimeWorker#4" [stack: 0x000000abd2c00000,0x000000abd2d00000] [id=25924]
  0x000001b76fe051c0 Thread "RuntimeWorker#5" [stack: 0x000000abd2d00000,0x000000abd2e00000] [id=24816]
  0x000001b76fe09c40 Thread "RuntimeWorker#6" [stack: 0x000000abd2e00000,0x000000abd2f00000] [id=1584]
  0x000001b76fe0b6a0 Thread "RuntimeWorker#7" [stack: 0x000000abd2f00000,0x000000abd3000000] [id=30144]
  0x000001b76fe0b9a0 Thread "RuntimeWorker#8" [stack: 0x000000abd3000000,0x000000abd3100000] [id=13484]
  0x000001b76fe0cc70 Thread "RuntimeWorker#9" [stack: 0x000000abd3100000,0x000000abd3200000] [id=19164]

Threads with active compile tasks:
C2 CompilerThread0    17090 6474       4       jdk.internal.jimage.BasicImageReader::verifyLocation (39 bytes)
C2 CompilerThread1    17090 6477 %     4       qz::f @ 595 (2623 bytes)
C2 CompilerThread2    17090 6473       4       jdk.internal.module.SystemModuleFinders$SystemModuleReader::find (59 bytes)

VM state: not at safepoint (normal execution)

VM Mutex/Monitor currently owned by a thread: None

CDS archive(s) mapped at: [0x0000000800000000-0x0000000800bc0000-0x0000000800bc0000), size 12320768, SharedBaseAddress: 0x0000000800000000, ArchiveRelocationMode: 0.
Compressed class space mapped at: 0x0000000800c00000-0x0000000840c00000, reserved size: 1073741824
Narrow klass base: 0x0000000800000000, Narrow klass shift: 0, Narrow klass range: 0x100000000

GC Precious Log:
 NUMA Support: Disabled
 CPUs: 24 total, 24 available
 Memory: 32509M
 Large Page Support: Disabled
 GC Workers: 6 (dynamic)
 Address Space Type: Contiguous/Unrestricted/Complete
 Address Space Size: 16384M x 3 = 49152M
 Min Capacity: 8M
 Initial Capacity: 508M
 Max Capacity: 1024M
 Medium Page Size: 32M
 Pre-touch: Disabled
 Uncommit: Enabled
 Uncommit Delay: 300s
 Runtime Workers: 10

ZGC Globals:
 GlobalPhase:       2 (Relocate)
 GlobalSeqNum:      8
 Offset Max:        4096G (0x0000040000000000)
 Page Size Small:   2M
 Page Size Medium:  32M

ZGC Metadata Bits:
 Good:              0x0000100000000000
 Bad:               0x00002c0000000000
 WeakBad:           0x00000c0000000000
 Marked:            0x0000080000000000
 Remapped:          0x0000100000000000

Heap:
 ZHeap           used 184M, capacity 508M, max capacity 1024M
 Metaspace       used 63830K, committed 64128K, reserved 1114112K
  class space    used 6528K, committed 6656K, reserved 1048576K

ZGC Page Table:
 Medium  0x0000000000400000 0x0000000000caf000 0x0000000002400000  Allocating
 Large   0x0000000002400000 0x0000000002a00000 0x0000000002a00000  Relocatable
 Small   0x0000000003600000 0x0000000003800000 0x0000000003800000  Relocatable
 Small   0x0000000003a00000 0x0000000003c00000 0x0000000003c00000  Relocatable
 Small   0x0000000003c00000 0x0000000003e00000 0x0000000003e00000  Relocatable
 Small   0x0000000005200000 0x00000000053ffff8 0x0000000005400000  Relocatable
 Small   0x0000000005400000 0x00000000055ffc40 0x0000000005600000  Relocatable
 Small   0x0000000006600000 0x0000000006800000 0x0000000006800000  Allocating
 Small   0x0000000007800000 0x0000000007a00000 0x0000000007a00000  Relocatable
 Small   0x0000000007a00000 0x0000000007bffd38 0x0000000007c00000  Relocatable
 Small   0x0000000008200000 0x00000000083ca000 0x0000000008400000  Relocatable
 Small   0x0000000008600000 0x0000000008800000 0x0000000008800000  Relocatable
 Small   0x0000000008800000 0x0000000008990f68 0x0000000008a00000  Relocatable
 Small   0x0000000008c00000 0x0000000008e00000 0x0000000008e00000  Relocatable
 Small   0x0000000009000000 0x000000000918b1c0 0x0000000009200000  Relocatable
 Small   0x000000000b200000 0x000000000b400000 0x000000000b400000  Relocatable
 Small   0x000000000bc00000 0x000000000bdcac08 0x000000000be00000  Relocatable
 Small   0x000000000be00000 0x000000000bfffff0 0x000000000c000000  Relocatable
 Small   0x000000000c200000 0x000000000c3fffe0 0x000000000c400000  Relocatable
 Small   0x000000000ce00000 0x000000000cfedeb0 0x000000000d000000  Relocatable
 Small   0x000000000d000000 0x000000000d1c6ae0 0x000000000d200000  Relocatable
 Small   0x000000000d200000 0x000000000d400000 0x000000000d400000  Relocatable
 Small   0x000000000d400000 0x000000000d5d7820 0x000000000d600000  Relocatable
 Small   0x000000000d800000 0x000000000d9fffe0 0x000000000da00000  Relocatable
 Small   0x000000000da00000 0x000000000dbe13b0 0x000000000dc00000  Relocatable
 Small   0x0000000010000000 0x00000000101ffff0 0x0000000010200000  Relocatable
 Small   0x0000000010200000 0x00000000103ffff8 0x0000000010400000  Relocatable
 Small   0x0000000010400000 0x00000000105ffc60 0x0000000010600000  Relocatable
 Small   0x0000000013600000 0x00000000137f1ae8 0x0000000013800000  Relocatable
 Small   0x0000000013e00000 0x0000000014000000 0x0000000014000000  Relocatable
 Small   0x0000000014800000 0x00000000149fff78 0x0000000014a00000  Relocatable
 Small   0x0000000016000000 0x0000000016200000 0x0000000016200000  Allocating
 Small   0x0000000016200000 0x0000000016302730 0x0000000016400000  Allocating
 Small   0x0000000016a00000 0x0000000016c00000 0x0000000016c00000  Allocating
 Small   0x0000000017000000 0x000000001714d748 0x0000000017200000  Allocating
 Small   0x0000000017200000 0x0000000017400000 0x0000000017400000  Allocating
 Small   0x000000001a800000 0x000000001a890010 0x000000001aa00000  Allocating
 Small   0x000000001aa00000 0x000000001ac00000 0x000000001ac00000  Allocating
 Small   0x000000001ac00000 0x000000001ae00000 0x000000001ae00000  Allocating
 Small   0x000000001ae00000 0x000000001b000000 0x000000001b000000  Allocating
 Small   0x000000001b000000 0x000000001b200000 0x000000001b200000  Allocating
 Small   0x000000001b200000 0x000000001b400000 0x000000001b400000  Allocating
 Small   0x000000001b400000 0x000000001b600000 0x000000001b600000  Allocating
 Small   0x000000001b600000 0x000000001b800000 0x000000001b800000  Allocating
 Small   0x000000001b800000 0x000000001ba00000 0x000000001ba00000  Allocating
 Small   0x000000001ba00000 0x000000001bc00000 0x000000001bc00000  Allocating
 Small   0x000000001bc00000 0x000000001be00000 0x000000001be00000  Allocating
 Small   0x000000001be00000 0x000000001c000000 0x000000001c000000  Allocating
 Small   0x000000001c000000 0x000000001c1f00b0 0x000000001c200000  Allocating
 Small   0x000000001c200000 0x000000001c400000 0x000000001c400000  Allocating
 Small   0x000000001c400000 0x000000001c600000 0x000000001c600000  Allocating
 Small   0x000000001c600000 0x000000001c800000 0x000000001c800000  Allocating
 Small   0x000000001c800000 0x000000001c9f0070 0x000000001ca00000  Allocating
 Small   0x000000001ca00000 0x000000001cbf0030 0x000000001cc00000  Allocating
 Small   0x000000001cc00000 0x000000001ce00000 0x000000001ce00000  Allocating
 Small   0x000000001ce00000 0x000000001d000000 0x000000001d000000  Allocating
 Small   0x000000001d000000 0x000000001d200000 0x000000001d200000  Allocating
 Small   0x000000001d200000 0x000000001d24a2a0 0x000000001d400000  Allocating
 Small   0x000000001d400000 0x000000001d4d07a8 0x000000001d600000  Allocating
 Medium  0x000000001d600000 0x000000001d641000 0x000000001f600000  Allocating

ZBarrierSet

Polling page: 0x000001b76dd30000

Metaspace:

Usage:
  Non-class:     55.96 MB used.
      Class:      6.38 MB used.
       Both:     62.33 MB used.

Virtual space:
  Non-class space:       64.00 MB reserved,      56.12 MB ( 88%) committed,  8 nodes.
      Class space:        1.00 GB reserved,       6.50 MB ( <1%) committed,  1 nodes.
             Both:        1.06 GB reserved,      62.62 MB (  6%) committed. 

Chunk freelists:
   Non-Class:  3.73 MB
       Class:  1.39 MB
        Both:  5.12 MB

MaxMetaspaceSize: unlimited
CompressedClassSpaceSize: 1.00 GB
Initial GC threshold: 21.00 MB
Current GC threshold: 103.69 MB
CDS: on
MetaspaceReclaimPolicy: balanced
 - commit_granule_bytes: 65536.
 - commit_granule_words: 8192.
 - virtual_space_node_default_size: 1048576.
 - enlarge_chunks_in_place: 1.
 - new_chunks_are_fully_committed: 0.
 - uncommit_free_chunks: 1.
 - use_allocation_guard: 0.
 - handle_deallocations: 1.


Internal statistics:

num_allocs_failed_limit: 2.
num_arena_births: 350.
num_arena_deaths: 0.
num_vsnodes_births: 9.
num_vsnodes_deaths: 0.
num_space_committed: 983.
num_space_uncommitted: 0.
num_chunks_returned_to_freelist: 2.
num_chunks_taken_from_freelist: 1907.
num_chunk_merges: 2.
num_chunk_splits: 1494.
num_chunks_enlarged: 1249.
num_purges: 0.
num_inconsistent_stats: 0.

CodeHeap 'non-profiled nmethods': size=119168Kb used=4021Kb max_used=4021Kb free=115146Kb
 bounds [0x000001b707ba0000, 0x000001b707f90000, 0x000001b70f000000]
CodeHeap 'profiled nmethods': size=119104Kb used=13316Kb max_used=13316Kb free=105787Kb
 bounds [0x000001b700750000, 0x000001b701460000, 0x000001b707ba0000]
CodeHeap 'non-nmethods': size=7488Kb used=3234Kb max_used=4360Kb free=4253Kb
 bounds [0x000001b700000000, 0x000001b700450000, 0x000001b700750000]
 total_blobs=7541 nmethods=5732 adapters=1718
 compilation: enabled
              stopped_count=0, restarted_count=0
 full_count=0

Compilation events (20 events):
Event: 17.009 Thread 0x000001b76f891090 nmethod 6512 0x000001b70144a890 code [0x000001b70144ace0, 0x000001b70144d128]
Event: 17.010 Thread 0x000001b97ad2d4a0 nmethod 6513 0x000001b70144df10 code [0x000001b70144e260, 0x000001b70144f418]
Event: 17.011 Thread 0x000001b97ad2d4a0 6514       3       java.lang.Class::resolveName (81 bytes)
Event: 17.012 Thread 0x000001b97ad2d4a0 nmethod 6514 0x000001b70144fa90 code [0x000001b70144fd60, 0x000001b701450ab8]
Event: 17.012 Thread 0x000001b97ad2d4a0 6515       1       java.awt.color.ColorSpace::getType (5 bytes)
Event: 17.012 Thread 0x000001b97ad2d4a0 nmethod 6515 0x000001b707f76b90 code [0x000001b707f76d20, 0x000001b707f76df8]
Event: 17.023 Thread 0x000001b76f891090 6517       3       java.nio.ByteBuffer::get (9 bytes)
Event: 17.023 Thread 0x000001b76f891090 nmethod 6517 0x000001b701450f90 code [0x000001b701451140, 0x000001b701451328]
Event: 17.057 Thread 0x000001b97ad2d4a0 6519       1       java.awt.image.ColorModel::getColorSpace (5 bytes)
Event: 17.057 Thread 0x000001b97ad2d4a0 nmethod 6519 0x000001b707f76e90 code [0x000001b707f77020, 0x000001b707f77118]
Event: 17.061 Thread 0x000001b7192642a0 nmethod 6502 0x000001b707f77190 code [0x000001b707f777c0, 0x000001b707f7b950]
Event: 17.061 Thread 0x000001b719261a20 nmethod 6508 0x000001b707f7e810 code [0x000001b707f7ea40, 0x000001b707f81958]
Event: 17.062 Thread 0x000001b719261a20 6518       4       java.lang.Module::isNamed (13 bytes)
Event: 17.063 Thread 0x000001b719261a20 nmethod 6518 0x000001b707f82e90 code [0x000001b707f83000, 0x000001b707f830d8]
Event: 17.063 Thread 0x000001b719261a20 6520 %     4       rs117.hd.scene.TextureManager::ensureTexturesLoaded @ 639 (1175 bytes)
Event: 17.063 Thread 0x000001b7192642a0 6516       4       sun.net.www.ParseUtil::encodePath (41 bytes)
Event: 17.066 Thread 0x000001b7192642a0 nmethod 6516 0x000001b707f88b90 code [0x000001b707f88d20, 0x000001b707f890c8]
Event: 17.067 Thread 0x000001b7194c5e50 nmethod 6484 0x000001b707f83190 code [0x000001b707f83400, 0x000001b707f87008]
Event: 17.071 Thread 0x000001b76f891090 6521       3       java.lang.Exception::<init> (6 bytes)
Event: 17.071 Thread 0x000001b76f891090 nmethod 6521 0x000001b701451410 code [0x000001b7014515c0, 0x000001b7014518a8]

GC Heap History (14 events):
Event: 0.331 GC heap before
{Heap before GC invocations=0 (full 0):
 ZHeap           used 126M, capacity 508M, max capacity 1024M
 Metaspace       used 3552K, committed 3712K, reserved 1056768K
  class space    used 287K, committed 384K, reserved 1048576K
}
Event: 0.353 GC heap after
{Heap after GC invocations=1 (full 1):
 ZHeap           used 66M, capacity 508M, max capacity 1024M
 Metaspace       used 3557K, committed 3776K, reserved 1056768K
  class space    used 287K, committed 384K, reserved 1048576K
}
Event: 1.918 GC heap before
{Heap before GC invocations=1 (full 1):
 ZHeap           used 210M, capacity 508M, max capacity 1024M
 Metaspace       used 21299K, committed 21568K, reserved 1073152K
  class space    used 2202K, committed 2304K, reserved 1048576K
}
Event: 1.929 GC heap after
{Heap after GC invocations=2 (full 2):
 ZHeap           used 56M, capacity 508M, max capacity 1024M
 Metaspace       used 21575K, committed 21824K, reserved 1073152K
  class space    used 2242K, committed 2368K, reserved 1048576K
}
Event: 3.953 GC heap before
{Heap before GC invocations=2 (full 2):
 ZHeap           used 132M, capacity 508M, max capacity 1024M
 Metaspace       used 36011K, committed 36352K, reserved 1089536K
  class space    used 3680K, committed 3840K, reserved 1048576K
}
Event: 3.964 GC heap after
{Heap after GC invocations=3 (full 3):
 ZHeap           used 66M, capacity 508M, max capacity 1024M
 Metaspace       used 36264K, committed 36544K, reserved 1089536K
  class space    used 3713K, committed 3840K, reserved 1048576K
}
Event: 4.524 GC heap before
{Heap before GC invocations=3 (full 3):
 ZHeap           used 222M, capacity 508M, max capacity 1024M
 Metaspace       used 51728K, committed 52032K, reserved 1097728K
  class space    used 5661K, committed 5824K, reserved 1048576K
}
Event: 4.551 GC heap after
{Heap after GC invocations=4 (full 4):
 ZHeap           used 94M, capacity 508M, max capacity 1024M
 Metaspace       used 52244K, committed 52544K, reserved 1097728K
  class space    used 5662K, committed 5824K, reserved 1048576K
}
Event: 8.524 GC heap before
{Heap before GC invocations=4 (full 4):
 ZHeap           used 308M, capacity 508M, max capacity 1024M
 Metaspace       used 62698K, committed 62976K, reserved 1105920K
  class space    used 6461K, committed 6592K, reserved 1048576K
}
Event: 8.547 GC heap after
{Heap after GC invocations=5 (full 5):
 ZHeap           used 136M, capacity 508M, max capacity 1024M
 Metaspace       used 62700K, committed 62976K, reserved 1105920K
  class space    used 6461K, committed 6592K, reserved 1048576K
}
Event: 13.323 GC heap before
{Heap before GC invocations=5 (full 5):
 ZHeap           used 406M, capacity 508M, max capacity 1024M
 Metaspace       used 63300K, committed 63680K, reserved 1105920K
  class space    used 6498K, committed 6656K, reserved 1048576K
}
Event: 13.341 GC heap after
{Heap after GC invocations=6 (full 6):
 ZHeap           used 190M, capacity 508M, max capacity 1024M
 Metaspace       used 63300K, committed 63680K, reserved 1105920K
  class space    used 6498K, committed 6656K, reserved 1048576K
}
Event: 15.323 GC heap before
{Heap before GC invocations=6 (full 6):
 ZHeap           used 294M, capacity 508M, max capacity 1024M
 Metaspace       used 63333K, committed 63680K, reserved 1105920K
  class space    used 6498K, committed 6656K, reserved 1048576K
}
Event: 15.339 GC heap after
{Heap after GC invocations=7 (full 7):
 ZHeap           used 104M, capacity 508M, max capacity 1024M
 Metaspace       used 63333K, committed 63680K, reserved 1105920K
  class space    used 6498K, committed 6656K, reserved 1048576K
}

Deoptimization events (20 events):
Event: 16.918 Thread 0x000001b97ca423d0 DEOPT PACKING pc=0x000001b701411373 sp=0x000000abd5bff140
Event: 16.918 Thread 0x000001b97ca423d0 DEOPT UNPACKING pc=0x000001b700052a43 sp=0x000000abd5bfe638 mode 0
Event: 16.918 Thread 0x000001b97ca423d0 DEOPT PACKING pc=0x000001b701411373 sp=0x000000abd5bff140
Event: 16.918 Thread 0x000001b97ca423d0 DEOPT UNPACKING pc=0x000001b700052a43 sp=0x000000abd5bfe638 mode 0
Event: 16.920 Thread 0x000001b97ca423d0 DEOPT PACKING pc=0x000001b701411373 sp=0x000000abd5bff140
Event: 16.920 Thread 0x000001b97ca423d0 DEOPT UNPACKING pc=0x000001b700052a43 sp=0x000000abd5bfe638 mode 0
Event: 16.920 Thread 0x000001b97ca423d0 DEOPT PACKING pc=0x000001b701411373 sp=0x000000abd5bff140
Event: 16.920 Thread 0x000001b97ca423d0 DEOPT UNPACKING pc=0x000001b700052a43 sp=0x000000abd5bfe638 mode 0
Event: 16.981 Thread 0x000001b97ca423d0 DEOPT PACKING pc=0x000001b701419c80 sp=0x000000abd5bff2f0
Event: 16.981 Thread 0x000001b97ca423d0 DEOPT UNPACKING pc=0x000001b700052a43 sp=0x000000abd5bfe7c0 mode 0
Event: 16.983 Thread 0x000001b97ca423d0 DEOPT PACKING pc=0x000001b701419c80 sp=0x000000abd5bff340
Event: 16.983 Thread 0x000001b97ca423d0 DEOPT UNPACKING pc=0x000001b700052a43 sp=0x000000abd5bfe7d0 mode 0
Event: 16.985 Thread 0x000001b97ca423d0 Uncommon trap: trap_request=0xffffff45 fr.pc=0x000001b707f6a78c relative=0x00000000000006ec
Event: 16.985 Thread 0x000001b97ca423d0 Uncommon trap: reason=unstable_if action=reinterpret pc=0x000001b707f6a78c method=rs117.hd.scene.TextureManager.ensureTexturesLoaded(Lnet/runelite/api/TextureProvider;)V @ 660 c2
Event: 16.985 Thread 0x000001b97ca423d0 DEOPT PACKING pc=0x000001b707f6a78c sp=0x000000abd5bff3d0
Event: 16.985 Thread 0x000001b97ca423d0 DEOPT UNPACKING pc=0x000001b7000522a3 sp=0x000000abd5bff390 mode 2
Event: 16.985 Thread 0x000001b97ca423d0 DEOPT PACKING pc=0x000001b701419c80 sp=0x000000abd5bff2f0
Event: 16.985 Thread 0x000001b97ca423d0 DEOPT UNPACKING pc=0x000001b700052a43 sp=0x000000abd5bfe7c0 mode 0
Event: 17.042 Thread 0x000001b97ca423d0 DEOPT PACKING pc=0x000001b7011865ff sp=0x000000abd5bfecb0
Event: 17.042 Thread 0x000001b97ca423d0 DEOPT UNPACKING pc=0x000001b700052a43 sp=0x000000abd5bfe1e8 mode 0

Classes unloaded (0 events):
No events

Classes redefined (0 events):
No events

Internal exceptions (20 events):
Event: 4.773 Thread 0x000001b97ca423d0 Exception <a 'java/lang/NoSuchMethodError'{0x000010000611a0b0}: 'int java.lang.invoke.DirectMethodHandle$Holder.invokeStaticInit(java.lang.Object, java.lang.Object, int, long)'> (0x000010000611a0b0) 
thrown [t:\workspace\open\src\hotspot\share\interpreter\linkResolver.cpp, line 766]
Event: 4.774 Thread 0x000001b97ca423d0 Exception <a 'java/lang/NoSuchMethodError'{0x000010000612f438}: 'int java.lang.invoke.DirectMethodHandle$Holder.invokeStaticInit(java.lang.Object, java.lang.Object, long, long)'> (0x000010000612f438) 
thrown [t:\workspace\open\src\hotspot\share\interpreter\linkResolver.cpp, line 766]
Event: 4.774 Thread 0x000001b97ca423d0 Exception <a 'java/lang/NoSuchMethodError'{0x0000100006136e20}: 'java.lang.Object java.lang.invoke.DirectMethodHandle$Holder.newInvokeSpecial(java.lang.Object, java.lang.Object, long)'> (0x0000100006136e20) 
thrown [t:\workspace\open\src\hotspot\share\interpreter\linkResolver.cpp, line 766]
Event: 4.774 Thread 0x000001b97ca423d0 Exception <a 'java/lang/NoSuchMethodError'{0x000010000613b8a0}: 'java.lang.Object java.lang.invoke.Invokers$Holder.linkToTargetMethod(java.lang.Object, long, java.lang.Object)'> (0x000010000613b8a0) 
thrown [t:\workspace\open\src\hotspot\share\interpreter\linkResolver.cpp, line 766]
Event: 4.775 Thread 0x000001b97ca423d0 Exception <a 'java/lang/NoSuchMethodError'{0x00001000061452b0}: 'int java.lang.invoke.DirectMethodHandle$Holder.invokeStaticInit(java.lang.Object, java.lang.Object, java.lang.Object, long)'> (0x00001000061452b0) 
thrown [t:\workspace\open\src\hotspot\share\interpreter\linkResolver.cpp, line 766]
Event: 4.829 Thread 0x000001b97ca423d0 Exception <a 'java/lang/NoSuchMethodError'{0x0000100005775180}: 'void java.lang.invoke.DirectMethodHandle$Holder.invokeStaticInit(java.lang.Object, java.lang.Object, java.lang.Object, java.lang.Object)'> (0x0000100005775180) 
thrown [t:\workspace\open\src\hotspot\share\interpreter\linkResolver.cpp, line 766]
Event: 4.829 Thread 0x000001b97ca423d0 Exception <a 'java/lang/NoSuchMethodError'{0x000010000577f288}: 'void java.lang.invoke.DirectMethodHandle$Holder.invokeStatic(java.lang.Object, int, java.lang.Object)'> (0x000010000577f288) 
thrown [t:\workspace\open\src\hotspot\share\interpreter\linkResolver.cpp, line 766]
Event: 4.829 Thread 0x000001b97ca423d0 Exception <a 'java/lang/NoSuchMethodError'{0x0000100005783cd0}: 'void java.lang.invoke.DirectMethodHandle$Holder.invokeStaticInit(java.lang.Object, int, java.lang.Object)'> (0x0000100005783cd0) 
thrown [t:\workspace\open\src\hotspot\share\interpreter\linkResolver.cpp, line 766]
Event: 4.829 Thread 0x000001b97ca423d0 Exception <a 'java/lang/NoSuchMethodError'{0x000010000578ee90}: 'void java.lang.invoke.DirectMethodHandle$Holder.invokeStatic(java.lang.Object, int, java.lang.Object, java.lang.Object)'> (0x000010000578ee90) 
thrown [t:\workspace\open\src\hotspot\share\interpreter\linkResolver.cpp, line 766]
Event: 4.829 Thread 0x000001b97ca423d0 Exception <a 'java/lang/NoSuchMethodError'{0x0000100005793810}: 'void java.lang.invoke.DirectMethodHandle$Holder.invokeStaticInit(java.lang.Object, int, java.lang.Object, java.lang.Object)'> (0x0000100005793810) 
thrown [t:\workspace\open\src\hotspot\share\interpreter\linkResolver.cpp, line 766]
Event: 4.830 Thread 0x000001b97ca423d0 Exception <a 'java/lang/NoSuchMethodError'{0x000010000579b918}: 'java.lang.Object java.lang.invoke.DirectMethodHandle$Holder.newInvokeSpecial(java.lang.Object, int, java.lang.Object)'> (0x000010000579b918) 
thrown [t:\workspace\open\src\hotspot\share\interpreter\linkResolver.cpp, line 766]
Event: 4.832 Thread 0x000001b97ca423d0 Exception <a 'java/lang/IncompatibleClassChangeError'{0x0000100007e1d898}: Found class java.lang.Object, but interface was expected> (0x0000100007e1d898) 
thrown [t:\workspace\open\src\hotspot\share\interpreter\linkResolver.cpp, line 833]
Event: 4.832 Thread 0x000001b97ca423d0 Exception <a 'java/lang/IncompatibleClassChangeError'{0x0000100007e24440}: Found class java.lang.Object, but interface was expected> (0x0000100007e24440) 
thrown [t:\workspace\open\src\hotspot\share\interpreter\linkResolver.cpp, line 833]
Event: 4.833 Thread 0x000001b97ca423d0 Exception <a 'java/lang/IncompatibleClassChangeError'{0x0000100007e49ef0}: Found class java.lang.Object, but interface was expected> (0x0000100007e49ef0) 
thrown [t:\workspace\open\src\hotspot\share\interpreter\linkResolver.cpp, line 833]
Event: 4.858 Thread 0x000001b97ca423d0 Exception <a 'java/lang/NoSuchMethodError'{0x000010000549a400}: 'netscape.javascript.JSObject netscape.javascript.JSObject.getWindow(java.applet.Applet)'> (0x000010000549a400) 
thrown [t:\workspace\open\src\hotspot\share\interpreter\linkResolver.cpp, line 766]
Event: 5.107 Thread 0x000001b97ca423d0 Exception <a 'java/lang/NullPointerException'{0x000010000787da00}> (0x000010000787da00) 
thrown [t:\workspace\open\src\hotspot\share\interpreter\linkResolver.cpp, line 1357]
Event: 5.107 Thread 0x000001b97ca423d0 Exception <a 'java/lang/NullPointerException'{0x000010000787ec90}> (0x000010000787ec90) 
thrown [t:\workspace\open\src\hotspot\share\interpreter\linkResolver.cpp, line 1357]
Event: 5.129 Thread 0x000001b97ca423d0 Exception <a 'java/lang/NoSuchMethodError'{0x0000100004aedd38}: 'netscape.javascript.JSObject netscape.javascript.JSObject.getWindow(java.applet.Applet)'> (0x0000100004aedd38) 
thrown [t:\workspace\open\src\hotspot\share\interpreter\linkResolver.cpp, line 766]
Event: 6.442 Thread 0x000001b97ca423d0 Implicit null exception at 0x000001b707ceb710 to 0x000001b707cec284
Event: 16.838 Thread 0x000001b97ca423d0 Exception <a 'java/lang/NoSuchMethodError'{0x000010001b7a53a8}: 'netscape.javascript.JSObject netscape.javascript.JSObject.getWindow(java.applet.Applet)'> (0x000010001b7a53a8) 
thrown [t:\workspace\open\src\hotspot\share\interpreter\linkResolver.cpp, line 766]

VM Operations (20 events):
Event: 13.334 Executing VM operation: ZMarkEnd
Event: 13.335 Executing VM operation: ZMarkEnd done
Event: 13.336 Executing VM operation: HandshakeAllThreads
Event: 13.336 Executing VM operation: HandshakeAllThreads done
Event: 13.339 Executing VM operation: ZRelocateStart
Event: 13.339 Executing VM operation: ZRelocateStart done
Event: 15.323 Executing VM operation: ZMarkStart
Event: 15.324 Executing VM operation: ZMarkStart done
Event: 15.332 Executing VM operation: HandshakeAllThreads
Event: 15.332 Executing VM operation: HandshakeAllThreads done
Event: 15.333 Executing VM operation: HandshakeAllThreads
Event: 15.333 Executing VM operation: HandshakeAllThreads done
Event: 15.333 Executing VM operation: HandshakeAllThreads
Event: 15.333 Executing VM operation: HandshakeAllThreads done
Event: 15.334 Executing VM operation: ZMarkEnd
Event: 15.334 Executing VM operation: ZMarkEnd done
Event: 15.336 Executing VM operation: HandshakeAllThreads
Event: 15.336 Executing VM operation: HandshakeAllThreads done
Event: 15.337 Executing VM operation: ZRelocateStart
Event: 15.337 Executing VM operation: ZRelocateStart done

Events (20 events):
Event: 16.847 Thread 0x000001b97ad2e3d0 Thread added: 0x000001b97ad2e3d0
Event: 16.847 Thread 0x000001b7192600d0 Thread added: 0x000001b7192600d0
Event: 16.847 Thread 0x000001b719261a20 Thread added: 0x000001b719261a20
Event: 16.849 Thread 0x000001b7192642a0 Thread added: 0x000001b7192642a0
Event: 16.849 Thread 0x000001b7194c5e50 Thread added: 0x000001b7194c5e50
Event: 16.933 loading class java/awt/image/AffineTransformOp
Event: 16.933 loading class java/awt/image/BufferedImageOp
Event: 16.933 loading class java/awt/image/BufferedImageOp done
Event: 16.933 loading class java/awt/image/RasterOp
Event: 16.933 loading class java/awt/image/RasterOp done
Event: 16.933 loading class java/awt/image/AffineTransformOp done
Event: 16.933 loading class sun/awt/image/ImagingLib
Event: 16.933 loading class sun/awt/image/ImagingLib done
Event: 16.933 loading class sun/awt/image/ImagingLib$1
Event: 16.933 loading class sun/awt/image/ImagingLib$1 done
Event: 16.934 Loaded shared library C:\Program Files\Java\jdk-17.0.3\bin\mlib_image.dll
Event: 16.934 loading class java/awt/image/LookupOp
Event: 16.934 loading class java/awt/image/LookupOp done
Event: 16.934 loading class java/awt/image/ConvolveOp
Event: 16.934 loading class java/awt/image/ConvolveOp done


Dynamic libraries:
0x00007ff7a33c0000 - 0x00007ff7a33d0000 	C:\Program Files\Java\jdk-17.0.3\bin\java.exe
0x00007ffd37760000 - 0x00007ffd37969000 	C:\Windows\SYSTEM32\ntdll.dll
0x00007ffd35dc0000 - 0x00007ffd35e7d000 	C:\Windows\System32\KERNEL32.DLL
0x00007ffd34c60000 - 0x00007ffd34fdd000 	C:\Windows\System32\KERNELBASE.dll
0x00007ffd351b0000 - 0x00007ffd352c1000 	C:\Windows\System32\ucrtbase.dll
0x00007ffd31370000 - 0x00007ffd31388000 	C:\Program Files\Java\jdk-17.0.3\bin\jli.dll
0x00007ffd2f680000 - 0x00007ffd2f69a000 	C:\Program Files\Java\jdk-17.0.3\bin\VCRUNTIME140.dll
0x00007ffd36000000 - 0x00007ffd360ae000 	C:\Windows\System32\ADVAPI32.dll
0x00007ffd358c0000 - 0x00007ffd35963000 	C:\Windows\System32\msvcrt.dll
0x00007ffd35700000 - 0x00007ffd3579e000 	C:\Windows\System32\sechost.dll
0x00007ffd355e0000 - 0x00007ffd35700000 	C:\Windows\System32\RPCRT4.dll
0x00007ffd36190000 - 0x00007ffd3633d000 	C:\Windows\System32\USER32.dll
0x00007ffd34c30000 - 0x00007ffd34c56000 	C:\Windows\System32\win32u.dll
0x00007ffd22d10000 - 0x00007ffd22fb5000 	C:\Windows\WinSxS\amd64_microsoft.windows.common-controls_6595b64144ccf1df_6.0.22000.120_none_9d947278b86cc467\COMCTL32.dll
0x00007ffd36340000 - 0x00007ffd36369000 	C:\Windows\System32\GDI32.dll
0x00007ffd354c0000 - 0x00007ffd355d9000 	C:\Windows\System32\gdi32full.dll
0x00007ffd350a0000 - 0x00007ffd3513d000 	C:\Windows\System32\msvcp_win.dll
0x00007ffd2b720000 - 0x00007ffd2b72a000 	C:\Windows\SYSTEM32\VERSION.dll
0x00007ffd35d80000 - 0x00007ffd35db1000 	C:\Windows\System32\IMM32.DLL
0x00007ffd31360000 - 0x00007ffd3136c000 	C:\Program Files\Java\jdk-17.0.3\bin\vcruntime140_1.dll
0x00007ffd25d20000 - 0x00007ffd25dad000 	C:\Program Files\Java\jdk-17.0.3\bin\msvcp140.dll
0x00007ffcef370000 - 0x00007ffceff31000 	C:\Program Files\Java\jdk-17.0.3\bin\server\jvm.dll
0x00007ffd35ee0000 - 0x00007ffd35ee8000 	C:\Windows\System32\PSAPI.DLL
0x00007ffd1a4a0000 - 0x00007ffd1a4a9000 	C:\Windows\SYSTEM32\WSOCK32.dll
0x00007ffd2ae00000 - 0x00007ffd2ae33000 	C:\Windows\SYSTEM32\WINMM.dll
0x00007ffd376b0000 - 0x00007ffd3771f000 	C:\Windows\System32\WS2_32.dll
0x00007ffd33d60000 - 0x00007ffd33d78000 	C:\Windows\SYSTEM32\kernel.appcore.dll
0x00007ffd2e8b0000 - 0x00007ffd2e8ba000 	C:\Program Files\Java\jdk-17.0.3\bin\jimage.dll
0x00007ffd1f320000 - 0x00007ffd1f541000 	C:\Program Files\Java\jdk-17.0.3\bin\DBGHELP.DLL
0x00007ffd1d030000 - 0x00007ffd1d061000 	C:\Windows\SYSTEM32\dbgcore.DLL
0x00007ffd352d0000 - 0x00007ffd3534f000 	C:\Windows\System32\bcryptPrimitives.dll
0x00007ffd2d610000 - 0x00007ffd2d635000 	C:\Program Files\Java\jdk-17.0.3\bin\java.dll
0x00007ffd25aa0000 - 0x00007ffd25b76000 	C:\Program Files\Java\jdk-17.0.3\bin\jsvml.dll
0x00007ffd36a10000 - 0x00007ffd371c8000 	C:\Windows\System32\SHELL32.dll
0x00007ffd32cf0000 - 0x00007ffd33558000 	C:\Windows\SYSTEM32\windows.storage.dll
0x00007ffd36370000 - 0x00007ffd366e7000 	C:\Windows\System32\combase.dll
0x00007ffd32b80000 - 0x00007ffd32ce6000 	C:\Windows\SYSTEM32\wintypes.dll
0x00007ffd35c80000 - 0x00007ffd35d6a000 	C:\Windows\System32\SHCORE.dll
0x00007ffd35e80000 - 0x00007ffd35edd000 	C:\Windows\System32\shlwapi.dll
0x00007ffd34b60000 - 0x00007ffd34b81000 	C:\Windows\SYSTEM32\profapi.dll
0x00007ffd28f30000 - 0x00007ffd28f49000 	C:\Program Files\Java\jdk-17.0.3\bin\net.dll
0x00007ffd2e5b0000 - 0x00007ffd2e6bc000 	C:\Windows\SYSTEM32\WINHTTP.dll
0x00007ffd341f0000 - 0x00007ffd34257000 	C:\Windows\system32\mswsock.dll
0x00007ffd28eb0000 - 0x00007ffd28ec6000 	C:\Program Files\Java\jdk-17.0.3\bin\nio.dll
0x00007ffd28e90000 - 0x00007ffd28ea8000 	C:\Program Files\Java\jdk-17.0.3\bin\zip.dll
0x00007ffd27700000 - 0x00007ffd2770e000 	C:\Program Files\Java\jdk-17.0.3\bin\sunmscapi.dll
0x00007ffd35350000 - 0x00007ffd354b2000 	C:\Windows\System32\CRYPT32.dll
0x00007ffd345e0000 - 0x00007ffd34608000 	C:\Windows\SYSTEM32\ncrypt.dll
0x00007ffd345a0000 - 0x00007ffd345d7000 	C:\Windows\SYSTEM32\NTASN1.dll
0x00007ffd344d0000 - 0x00007ffd344e8000 	C:\Windows\SYSTEM32\CRYPTSP.dll
0x00007ffd33cc0000 - 0x00007ffd33cf5000 	C:\Windows\system32\rsaenh.dll
0x00007ffd34290000 - 0x00007ffd342b9000 	C:\Windows\SYSTEM32\USERENV.dll
0x00007ffd34610000 - 0x00007ffd34637000 	C:\Windows\SYSTEM32\bcrypt.dll
0x00007ffd343e0000 - 0x00007ffd343ec000 	C:\Windows\SYSTEM32\CRYPTBASE.dll
0x00007ffd33890000 - 0x00007ffd338bd000 	C:\Windows\SYSTEM32\IPHLPAPI.DLL
0x00007ffd357a0000 - 0x00007ffd357a9000 	C:\Windows\System32\NSI.dll
0x00007ffd2e530000 - 0x00007ffd2e549000 	C:\Windows\SYSTEM32\dhcpcsvc6.DLL
0x00007ffd2e880000 - 0x00007ffd2e89e000 	C:\Windows\SYSTEM32\dhcpcsvc.DLL
0x00007ffd338c0000 - 0x00007ffd339a8000 	C:\Windows\SYSTEM32\DNSAPI.dll
0x00007ffd25560000 - 0x00007ffd256ef000 	C:\Program Files\Java\jdk-17.0.3\bin\awt.dll
0x00007ffd360b0000 - 0x00007ffd36186000 	C:\Windows\System32\OLEAUT32.dll
0x00007ffd32150000 - 0x00007ffd321e2000 	C:\Windows\SYSTEM32\apphelp.dll
0x00007ffd32660000 - 0x00007ffd3268f000 	C:\Windows\system32\DWMAPI.DLL
0x00007ffd322c0000 - 0x00007ffd3236c000 	C:\Windows\system32\uxtheme.dll
0x00007ffd29d80000 - 0x00007ffd29e09000 	C:\Program Files\Java\jdk-17.0.3\bin\freetype.dll
0x00007ffd21570000 - 0x00007ffd21618000 	C:\Program Files\Java\jdk-17.0.3\bin\fontmanager.dll
0x00007ffce82d0000 - 0x00007ffce8401000 	C:\ProgramData\A-Volute\A-Volute.28054DF1F58B4\Modules\ScheduledModules\x64\AudioDevProps2.dll
0x00007ffd366f0000 - 0x00007ffd3688a000 	C:\Windows\System32\ole32.dll
0x00007ffcf1b20000 - 0x00007ffcf1bce000 	C:\ProgramData\A-Volute\A-Volute.28054DF1F58B4\Modules\ScheduledModules\x64\NahimicOSD.dll
0x00007ffcfea90000 - 0x00007ffcfeab0000 	C:\ProgramData\A-Volute\A-Volute.28054DF1F58B4\Modules\ScheduledModules\x64\ProductInfo.dll
0x00007ffcf1450000 - 0x00007ffcf1581000 	C:\ProgramData\A-Volute\A-Volute.SonicStudio3\Modules\ScheduledModules\x64\AudioDevProps2.dll
0x00007ffd368f0000 - 0x00007ffd36a0d000 	C:\Windows\System32\MSCTF.dll
0x00007ffd2b6d0000 - 0x00007ffd2b6da000 	C:\Windows\System32\rasadhlp.dll
0x00007ffd2d3d0000 - 0x00007ffd2d451000 	C:\Windows\System32\fwpuclnt.dll
0x00007ffcb2e90000 - 0x00007ffcb3e9f000 	C:\Users\Tyler\.skiko\c6180704433d4cd307fdefa94158c245e717d24d338c13a6d853fedbec7dc53a\skiko-windows-x64.dll
0x00007ffcb5300000 - 0x00007ffcb5401000 	C:\Windows\SYSTEM32\OPENGL32.dll
0x00007ffcf2560000 - 0x00007ffcf258d000 	C:\Windows\SYSTEM32\GLU32.dll
0x00007ffd323e0000 - 0x00007ffd32418000 	C:\Windows\SYSTEM32\dxcore.dll
0x00007ffd29650000 - 0x00007ffd297f6000 	C:\Windows\system32\d3d9.dll
0x00007ffd2e390000 - 0x00007ffd2e4a7000 	C:\Windows\System32\DriverStore\FileRepository\nv_dispi.inf_amd64_47917a79b8c7fd22\nvldumdx.dll
0x00007ffd34520000 - 0x00007ffd34532000 	C:\Windows\SYSTEM32\msasn1.dll
0x00007ffd2b6e0000 - 0x00007ffd2b711000 	C:\Windows\SYSTEM32\cryptnet.dll
0x00007ffd2b580000 - 0x00007ffd2b6c9000 	C:\Windows\SYSTEM32\drvstore.dll
0x00007ffd34950000 - 0x00007ffd3497c000 	C:\Windows\SYSTEM32\devobj.dll
0x00007ffd34900000 - 0x00007ffd3494c000 	C:\Windows\SYSTEM32\cfgmgr32.dll
0x00007ffd34470000 - 0x00007ffd344b1000 	C:\Windows\SYSTEM32\wldp.dll
0x00007ffd35140000 - 0x00007ffd351a8000 	C:\Windows\System32\WINTRUST.DLL
0x00007ffd35ef0000 - 0x00007ffd35f0f000 	C:\Windows\System32\imagehlp.dll
0x00007ffc8c470000 - 0x00007ffc8dc7a000 	C:\Windows\System32\DriverStore\FileRepository\nv_dispi.inf_amd64_47917a79b8c7fd22\nvd3dumx.dll
0x00007ffd2fa90000 - 0x00007ffd2fad4000 	C:\Windows\SYSTEM32\directxdatabasehelper.dll
0x00007ffd33d80000 - 0x00007ffd33db4000 	C:\Windows\SYSTEM32\ntmarta.dll
0x00007ffce0fa0000 - 0x00007ffce1267000 	C:\Windows\system32\nvspcap64.dll
0x00007ffd34260000 - 0x00007ffd34284000 	C:\Windows\SYSTEM32\gpapi.dll
0x00007ffd31470000 - 0x00007ffd31476000 	C:\Users\Tyler\AppData\Local\Temp\flatlaf.temp\flatlaf-windows-x86_64-707117424849000.dll
0x00007ffd31350000 - 0x00007ffd31357000 	C:\Program Files\Java\jdk-17.0.3\bin\jawt.dll
0x00007ffd32440000 - 0x00007ffd32533000 	C:\Windows\SYSTEM32\Dxgi.dll
0x00007ffd29f30000 - 0x00007ffd29f52000 	C:\Windows\SYSTEM32\D3D12.dll
0x00007ffd20020000 - 0x00007ffd20224000 	C:\Windows\SYSTEM32\D3D12Core.dll
0x00007ffcd66e0000 - 0x00007ffcd90da000 	C:\Windows\System32\DriverStore\FileRepository\nv_dispi.inf_amd64_47917a79b8c7fd22\nvwgf2umx.dll
0x00007ffd29f00000 - 0x00007ffd29f2d000 	C:\Windows\SYSTEM32\D3DSCache.dll
0x00007ffd2c6c0000 - 0x00007ffd2c926000 	C:\Windows\SYSTEM32\twinapi.appcore.dll
0x00007ffd12c50000 - 0x00007ffd12eaf000 	C:\Windows\SYSTEM32\dwrite.dll
0x00007ffd2d600000 - 0x00007ffd2d610000 	C:\Program Files\Java\jdk-17.0.3\bin\verify.dll
0x00007ffd30310000 - 0x00007ffd30529000 	C:\Windows\SYSTEM32\dcomp.dll
0x00007ffd314a0000 - 0x00007ffd31906000 	C:\Windows\SYSTEM32\d3dcompiler_47.dll
0x00007ffd06850000 - 0x00007ffd0697d000 	C:\Windows\SYSTEM32\textinputframework.dll
0x00007ffd29a90000 - 0x00007ffd29ab7000 	C:\Users\Tyler\AppData\Local\Temp\969615508954322052rlawt.dll
0x00007ffd35b60000 - 0x00007ffd35c15000 	C:\Windows\System32\clbcatq.dll
0x00007ffd2f4b0000 - 0x00007ffd2f5e4000 	C:\Windows\System32\AppXDeploymentClient.dll
0x00007ffd2f0a0000 - 0x00007ffd2f28f000 	C:\Windows\SYSTEM32\urlmon.dll
0x00007ffd2e8c0000 - 0x00007ffd2eb73000 	C:\Windows\System32\iertutil.dll
0x00007ffd2eb80000 - 0x00007ffd2eba8000 	C:\Windows\System32\srvcli.dll
0x00007ffd33880000 - 0x00007ffd3388c000 	C:\Windows\System32\netutils.dll
0x00007ffc9aad0000 - 0x00007ffc9dc89000 	C:\Windows\System32\DriverStore\FileRepository\nv_dispi.inf_amd64_47917a79b8c7fd22\nvoglv64.dll
0x00007ffd371d0000 - 0x00007ffd3763c000 	C:\Windows\System32\SETUPAPI.dll
0x00007ffd31180000 - 0x00007ffd31194000 	C:\Windows\SYSTEM32\WTSAPI32.dll
0x00007ffd33570000 - 0x00007ffd335bd000 	C:\Windows\SYSTEM32\powrprof.dll
0x00007ffd33660000 - 0x00007ffd33673000 	C:\Windows\SYSTEM32\UMPDC.dll
0x00007ffd33810000 - 0x00007ffd33874000 	C:\Windows\SYSTEM32\WINSTA.dll
0x00007ffd31d10000 - 0x00007ffd31e41000 	C:\Windows\SYSTEM32\CoreMessaging.dll
0x00007ffd2ed30000 - 0x00007ffd2f09d000 	C:\Windows\SYSTEM32\CoreUIComponents.dll
0x00007ffd25ca0000 - 0x00007ffd25d15000 	C:\Users\Tyler\AppData\Local\Temp\lwjgl-rl-amd64\3.3.1-build-7\lwjgl.dll
0x00007ffd211c0000 - 0x00007ffd2121d000 	C:\Users\Tyler\AppData\Local\Temp\lwjgl-rl-amd64\3.3.1-build-7\lwjgl_opengl.dll
0x00007ffd2b130000 - 0x00007ffd2b139000 	C:\Program Files\Java\jdk-17.0.3\bin\management.dll
0x00007ffd28e80000 - 0x00007ffd28e8b000 	C:\Program Files\Java\jdk-17.0.3\bin\management_ext.dll
0x00007ffd28f10000 - 0x00007ffd28f21000 	C:\Program Files\Java\jdk-17.0.3\bin\jsound.dll
0x00007ffcba580000 - 0x00007ffcba622000 	C:\Windows\SYSTEM32\DSOUND.dll
0x00007ffcba140000 - 0x00007ffcba1f1000 	C:\Windows\SYSTEM32\ResampleDmo.DLL

dbghelp: loaded successfully - version: 4.0.5 - missing functions: none
symbol engine: initialized successfully - sym options: 0x614 - pdb path: .;C:\Program Files\Java\jdk-17.0.3\bin;C:\Windows\SYSTEM32;C:\Windows\WinSxS\amd64_microsoft.windows.common-controls_6595b64144ccf1df_6.0.22000.120_none_9d947278b86cc467;C:\Program Files\Java\jdk-17.0.3\bin\server;C:\ProgramData\A-Volute\A-Volute.28054DF1F58B4\Modules\ScheduledModules\x64;C:\ProgramData\A-Volute\A-Volute.SonicStudio3\Modules\ScheduledModules\x64;C:\Users\Tyler\.skiko\c6180704433d4cd307fdefa94158c245e717d24d338c13a6d853fedbec7dc53a;C:\Windows\System32\DriverStore\FileRepository\nv_dispi.inf_amd64_47917a79b8c7fd22;C:\Users\Tyler\AppData\Local\Temp\flatlaf.temp;C:\Users\Tyler\AppData\Local\Temp;C:\Users\Tyler\AppData\Local\Temp\lwjgl-rl-amd64\3.3.1-build-7

VM Arguments:
jvm_args: -Dcompose.application.configure.swing.globals=true -Dcompose.application.resources.dir=C:\repo\meteor-client\client\build\compose\tmp\prepareAppResources -Dsun.java2d.uiScale=1.0 -XX:+UseDynamicNumberOfGCThreads -XX:+UseZGC --add-exports=java.base/java.lang=ALL-UNNAMED --add-opens=java.base/java.net=ALL-UNNAMED --add-exports=java.desktop/sun.awt=ALL-UNNAMED --add-exports=java.desktop/sun.java2d=ALL-UNNAMED -Xmx1024m -Dfile.encoding=windows-1252 -Duser.country=US -Duser.language=en -Duser.variant -ea 
java_command: meteor.Main
java_class_path (initial): C:\repo\meteor-client\client\build\libs\meteor-client-1.7-r1.jar;C:\repo\meteor-client\client\src\resources\injected-client.jar;C:\repo\meteor-client\api-rs\build\libs\api-rs-1.0.0.jar;C:\repo\meteor-client\http\build\libs\http-1.0.0.jar;C:\repo\meteor-client\scripts\build\libs\scripts-1.0-SNAPSHOT.jar;C:\repo\meteor-client\api\build\libs\api-1.0.4.jar;C:\Users\Tyler\.gradle\caches\7.5.1\generated-gradle-jars\gradle-api-7.5.1.jar;C:\Users\Tyler\.gradle\wrapper\dists\gradle-7.5.1-bin\7jzzequgds1hbszbhq3npc5ng\gradle-7.5.1\lib\groovy-3.0.10.jar;C:\Users\Tyler\.gradle\wrapper\dists\gradle-7.5.1-bin\7jzzequgds1hbszbhq3npc5ng\gradle-7.5.1\lib\groovy-ant-3.0.10.jar;C:\Users\Tyler\.gradle\wrapper\dists\gradle-7.5.1-bin\7jzzequgds1hbszbhq3npc5ng\gradle-7.5.1\lib\groovy-astbuilder-3.0.10.jar;C:\Users\Tyler\.gradle\wrapper\dists\gradle-7.5.1-bin\7jzzequgds1hbszbhq3npc5ng\gradle-7.5.1\lib\groovy-console-3.0.10.jar;C:\Users\Tyler\.gradle\wrapper\dists\gradle-7.5.1-bin\7jzzequgds1hbszbhq3npc5ng\gradle-7.5.1\lib\groovy-datetime-3.0.10.jar;C:\Users\Tyler\.gradle\wrapper\dists\gradle-7.5.1-bin\7jzzequgds1hbszbhq3npc5ng\gradle-7.5.1\lib\groovy-dateutil-3.0.10.jar;C:\Users\Tyler\.gradle\wrapper\dists\gradle-7.5.1-bin\7jzzequgds1hbszbhq3npc5ng\gradle-7.5.1\lib\groovy-groovydoc-3.0.10.jar;C:\Users\Tyler\.gradle\wrapper\dists\gradle-7.5.1-bin\7jzzequgds1hbszbhq3npc5ng\gradle-7.5.1\lib\groovy-json-3.0.10.jar;C:\Users\Tyler\.gradle\wrapper\dists\gradle-7.5.1-bin\7jzzequgds1hbszbhq3npc5ng\gradle-7.5.1\lib\groovy-nio-3.0.10.jar;C:\Users\Tyler\.gradle\wrapper\dists\gradle-7.5.1-bin\7jzzequgds1hbszbhq3npc5ng\gradle-7.5.1\lib\groovy-sql-3.0.10.jar;C:\Users\Tyler\.gradle\wrapper\dists\gradle-7.5.1-bin\7jzzequgds1hbszbhq3npc5ng\gradle-7.5.1\lib\groovy-templates-3.0.10.jar;C:\Users\Tyler\.gradle\wrapper\dists\gradle-7.5.1-bin\7jzzequgds1hbszbhq3npc5ng\gradle-7.5.1\lib\groovy-test-3.0.10.jar;C:\Users\Tyler\.gradle\wrapper\dists\gradle-7.5.1-bin\7jzzequgds1hbszbhq3npc5n
Launcher Type: SUN_STANDARD

[Global flags]
     intx CICompilerCount                          = 12                                        {product} {ergonomic}
   size_t InitialHeapSize                          = 532676608                                 {product} {ergonomic}
   size_t MaxHeapSize                              = 1073741824                                {product} {command line}
   size_t MinHeapDeltaBytes                        = 2097152                                   {product} {ergonomic}
   size_t MinHeapSize                              = 8388608                                   {product} {ergonomic}
    uintx NonNMethodCodeHeapSize                   = 7602480                                {pd product} {ergonomic}
    uintx NonProfiledCodeHeapSize                  = 122027880                              {pd product} {ergonomic}
    uintx ProfiledCodeHeapSize                     = 122027880                              {pd product} {ergonomic}
    uintx ReservedCodeCacheSize                    = 251658240                              {pd product} {ergonomic}
     bool SegmentedCodeCache                       = true                                      {product} {ergonomic}
   size_t SoftMaxHeapSize                          = 1073741824                             {manageable} {ergonomic}
     bool UseCompressedClassPointers               = true                           {product lp64_product} {ergonomic}
     bool UseCompressedOops                        = false                          {product lp64_product} {ergonomic}
     bool UseDynamicNumberOfGCThreads              = true                                      {product} {command line}
     bool UseLargePagesIndividualAllocation        = false                                  {pd product} {ergonomic}
     bool UseZGC                                   = true                                      {product} {command line}

Logging:
Log output configuration:
 #0: stdout all=warning uptime,level,tags
 #1: stderr all=off uptime,level,tags

Environment Variables:
PATH=C:\Program Files\Common Files\Oracle\Java\javapath;C:\Program Files (x86)\Common Files\Oracle\Java\javapath;C:\Program Files (x86)\VMware\VMware Workstation\bin\;C:\Program Files\Java\jdk-17.0.2\bin;C:\Program Files (x86)\Razer Chroma SDK\bin;C:\Program Files\Razer Chroma SDK\bin;C:\Program Files (x86)\Razer\ChromaBroadcast\bin;C:\Program Files\Razer\ChromaBroadcast\bin;C:\Windows\system32;C:\Windows;C:\Windows\System32\Wbem;C:\Windows\System32\WindowsPowerShell\v1.0\;C:\Windows\System32\OpenSSH\;C:\Program Files\NVIDIA Corporation\NVIDIA NvDLISR;C:\Program Files (x86)\NVIDIA Corporation\PhysX\Common;C:\Program Files\dotnet\;C:\Program Files\Git\cmd;C:\Windows\system32\config\systemprofile\AppData\Local\Microsoft\WindowsApps;C:\Program Files\LLVM\bin;C:\Program Files (x86)\Windows Kits\10\Windows Performance Toolkit\;C:\Users\Tyler\.cargo\bin;C:\Users\Tyler\AppData\Local\Microsoft\WindowsApps;;C:\Users\Tyler\AppData\Local\JetBrains\Toolbox\scripts
USERNAME=Tyler
OS=Windows_NT
PROCESSOR_IDENTIFIER=Intel64 Family 6 Model 151 Stepping 2, GenuineIntel



---------------  S Y S T E M  ---------------

OS:
 Windows 11 , 64 bit Build 22000 (10.0.22000.708)
OS uptime: 0 days 19:38 hours
Hyper-V role detected

CPU: total 24 (initial active 24) (12 cores per cpu, 2 threads per core) family 6 model 151 stepping 2 microcode 0x23, cx8, cmov, fxsr, ht, mmx, 3dnowpref, sse, sse2, sse3, ssse3, sse4.1, sse4.2, popcnt, lzcnt, tsc, tscinvbit, avx, avx2, aes, erms, clmul, bmi1, bmi2, adx, sha, fma, vzeroupper, clflush, clflushopt, clwb, hv

Memory: 4k page, system-wide physical 32509M (13328M free)
TotalPageFile size 40605M (AvailPageFile size 34M)
current process WorkingSet (physical memory assigned to process): 1531M, peak: 1537M
current process commit charge ("private bytes"): 15410M, peak: 15428M

vm_info: Java HotSpot(TM) 64-Bit Server VM (17.0.3+8-LTS-111) for windows-amd64 JRE (17.0.3+8-LTS-111), built on Mar  9 2022 22:40:21 by "mach5one" with MS VC++ 16.8 / 16.9 (VS2019)

END.
