#
# There is insufficient memory for the Java Runtime Environment to continue.
# Native memory allocation (malloc) failed to allocate 2838544 bytes for Chunk::new
# Possible reasons:
#   The system is out of physical RAM or swap space
# Possible solutions:
#   Reduce memory load on the system
#   Increase physical memory or swap space
#   Check if swap backing store is full
#   Decrease Java heap size (-Xmx/-Xms)
#   Decrease number of Java threads
#   Decrease Java thread stack sizes (-Xss)
#   Set larger code cache with -XX:ReservedCodeCacheSize=
# This output file may be truncated or incomplete.
#
#  Out of Memory Error (arena.cpp:189), pid=4276, tid=30492
#
# JRE version: Java(TM) SE Runtime Environment (17.0.3+8) (build 17.0.3+8-LTS-111)
# Java VM: Java HotSpot(TM) 64-Bit Server VM (17.0.3+8-LTS-111, mixed mode, sharing, tiered, compressed class ptrs, z gc, windows-amd64)
# No core dump will be written. Minidumps are not enabled by default on client versions of Windows
#

---------------  S U M M A R Y ------------

Command Line: -Dcompose.application.configure.swing.globals=true -Dcompose.application.resources.dir=C:\repo\meteor-client\client\build\compose\tmp\prepareAppResources -Dsun.java2d.uiScale=1.0 -XX:+UseDynamicNumberOfGCThreads -XX:+UseZGC --add-exports=java.base/java.lang=ALL-UNNAMED --add-opens=java.base/java.net=ALL-UNNAMED --add-exports=java.desktop/sun.awt=ALL-UNNAMED --add-exports=java.desktop/sun.java2d=ALL-UNNAMED -Xmx1024m -Dfile.encoding=windows-1252 -Duser.country=US -Duser.language=en -Duser.variant -ea meteor.Main

Host: 12th Gen Intel(R) Core(TM) i9-12900K, 24 cores, 31G,  Windows 11 , 64 bit Build 22000 (10.0.22000.708)
Time: Sat Oct  8 13:18:07 2022 US Eastern Daylight Time elapsed time: 11.005189 seconds (0d 0h 0m 11s)

---------------  T H R E A D  ---------------

Current thread (0x000002d373415d20):  JavaThread "C2 CompilerThread0" daemon [_thread_in_native, id=30492, stack(0x000000e6c3400000,0x000000e6c3500000)]


Current CompileTask:
C2:  11005 5500   !   4       java.util.concurrent.ConcurrentHashMap::computeIfAbsent (576 bytes)

Stack: [0x000000e6c3400000,0x000000e6c3500000]
Native frames: (J=compiled Java code, j=interpreted, Vv=VM code, C=native code)
V  [jvm.dll+0x6711ba]
V  [jvm.dll+0x7d0834]
V  [jvm.dll+0x7d1fde]
V  [jvm.dll+0x7d2643]
V  [jvm.dll+0x242c85]
V  [jvm.dll+0xaa57b]
V  [jvm.dll+0xaab0c]
V  [jvm.dll+0x806053]
V  [jvm.dll+0x67669b]
V  [jvm.dll+0x21612f]
V  [jvm.dll+0x215181]
V  [jvm.dll+0x1a1c3d]
V  [jvm.dll+0x2249c8]
V  [jvm.dll+0x222b2c]
V  [jvm.dll+0x78650b]
V  [jvm.dll+0x780aca]
V  [jvm.dll+0x670045]
C  [ucrtbase.dll+0x26c0c]
C  [KERNEL32.DLL+0x154e0]
C  [ntdll.dll+0x485b]


---------------  P R O C E S S  ---------------

Threads class SMR info:
_java_thread_list=0x000002d3133fc220, length=29, elements={
0x000002d3738ed1d0, 0x000002d3739adeb0, 0x000002d3739ae380, 0x000002d373405a80,
0x000002d373409f60, 0x000002d37340c440, 0x000002d37340e920, 0x000002d373415d20,
0x000002d373417510, 0x000002d37341baa0, 0x000002d57dcd3e10, 0x000002d57dcd7940,
0x000002d57ec4fbb0, 0x000002d57e7741d0, 0x000002d57f18f6f0, 0x000002d57f09ee90,
0x000002d57f09f360, 0x000002d57f53c680, 0x000002d57f785070, 0x000002d310258bc0,
0x000002d310256540, 0x000002d310257880, 0x000002d3102586f0, 0x000002d310259090,
0x000002d310257d50, 0x000002d31cc955d0, 0x000002d31cc91270, 0x000002d31f337300,
0x000002d31f338740
}

Java Threads: ( => current thread )
  0x000002d3738ed1d0 JavaThread "main" [_thread_blocked, id=8320, stack(0x000000e6c1700000,0x000000e6c1800000)]
  0x000002d3739adeb0 JavaThread "Reference Handler" daemon [_thread_blocked, id=11380, stack(0x000000e6c2e00000,0x000000e6c2f00000)]
  0x000002d3739ae380 JavaThread "Finalizer" daemon [_thread_blocked, id=26360, stack(0x000000e6c2f00000,0x000000e6c3000000)]
  0x000002d373405a80 JavaThread "Signal Dispatcher" daemon [_thread_blocked, id=2564, stack(0x000000e6c3000000,0x000000e6c3100000)]
  0x000002d373409f60 JavaThread "Attach Listener" daemon [_thread_blocked, id=27312, stack(0x000000e6c3100000,0x000000e6c3200000)]
  0x000002d37340c440 JavaThread "Service Thread" daemon [_thread_blocked, id=29136, stack(0x000000e6c3200000,0x000000e6c3300000)]
  0x000002d37340e920 JavaThread "Monitor Deflation Thread" daemon [_thread_blocked, id=3884, stack(0x000000e6c3300000,0x000000e6c3400000)]
=>0x000002d373415d20 JavaThread "C2 CompilerThread0" daemon [_thread_in_native, id=30492, stack(0x000000e6c3400000,0x000000e6c3500000)]
  0x000002d373417510 JavaThread "C1 CompilerThread0" daemon [_thread_blocked, id=23308, stack(0x000000e6c3500000,0x000000e6c3600000)]
  0x000002d37341baa0 JavaThread "Sweeper thread" daemon [_thread_blocked, id=20644, stack(0x000000e6c3600000,0x000000e6c3700000)]
  0x000002d57dcd3e10 JavaThread "Common-Cleaner" daemon [_thread_blocked, id=16912, stack(0x000000e6c3800000,0x000000e6c3900000)]
  0x000002d57dcd7940 JavaThread "Notification Thread" daemon [_thread_blocked, id=13076, stack(0x000000e6c3900000,0x000000e6c3a00000)]
  0x000002d57ec4fbb0 JavaThread "DefaultDispatcher-worker-1 @coroutine#9" daemon [_thread_in_native, id=25056, stack(0x000000e6c3d00000,0x000000e6c3e00000)]
  0x000002d57e7741d0 JavaThread "DefaultDispatcher-worker-2" daemon [_thread_blocked, id=25928, stack(0x000000e6c3e00000,0x000000e6c3f00000)]
  0x000002d57f18f6f0 JavaThread "Java2D Disposer" daemon [_thread_blocked, id=924, stack(0x000000e6c4100000,0x000000e6c4200000)]
  0x000002d57f09ee90 JavaThread "AWT-Shutdown" [_thread_blocked, id=8444, stack(0x000000e6c4200000,0x000000e6c4300000)]
  0x000002d57f09f360 JavaThread "AWT-Windows" daemon [_thread_in_native, id=448, stack(0x000000e6c4300000,0x000000e6c4400000)]
  0x000002d57f53c680 JavaThread "Keep-Alive-Timer" daemon [_thread_blocked, id=16596, stack(0x000000e6c3b00000,0x000000e6c3c00000)]
  0x000002d57f785070 JavaThread "OkHttp TaskRunner" daemon [_thread_blocked, id=12476, stack(0x000000e6c4500000,0x000000e6c4600000)]
  0x000002d310258bc0 JavaThread "Okio Watchdog" daemon [_thread_blocked, id=13668, stack(0x000000e6c4600000,0x000000e6c4700000)]
  0x000002d310256540 JavaThread "pool-1-thread-1" [_thread_blocked, id=21832, stack(0x000000e6c4a00000,0x000000e6c4b00000)]
  0x000002d310257880 JavaThread "kotlinx.coroutines.DefaultExecutor" daemon [_thread_blocked, id=29416, stack(0x000000e6c4b00000,0x000000e6c4c00000)]
  0x000002d3102586f0 JavaThread "Reference Cleaner" daemon [_thread_blocked, id=16688, stack(0x000000e6c4c00000,0x000000e6c4d00000)]
  0x000002d310259090 JavaThread "AWT-EventQueue-0" [_thread_blocked, id=8272, stack(0x000000e6c4d00000,0x000000e6c4e00000)]
  0x000002d310257d50 JavaThread "pool-2-thread-1" [_thread_blocked, id=18492, stack(0x000000e6c4700000,0x000000e6c4800000)]
  0x000002d31cc955d0 JavaThread "D3D Screen Updater" daemon [_thread_blocked, id=4172, stack(0x000000e6c5300000,0x000000e6c5400000)]
  0x000002d31cc91270 JavaThread "Thread-5" daemon [_thread_blocked, id=2964, stack(0x000000e6c5b00000,0x000000e6c5c00000)]
  0x000002d31f337300 JavaThread "C1 CompilerThread1" daemon [_thread_blocked, id=18232, stack(0x000000e6c3700000,0x000000e6c3800000)]
  0x000002d31f338740 JavaThread "C2 CompilerThread1" daemon [_thread_blocked, id=30216, stack(0x000000e6c3c00000,0x000000e6c3d00000)]

Other Threads:
  0x000002d3739a8600 VMThread "VM Thread" [stack: 0x000000e6c2d00000,0x000000e6c2e00000] [id=28792]
  0x000002d57dcdb870 WatcherThread [stack: 0x000000e6c3a00000,0x000000e6c3b00000] [id=3292]
  0x000002d37393ccf0 ConcurrentGCThread "ZDirector" [stack: 0x000000e6c2100000,0x000000e6c2200000] [id=33076]
  0x000002d37393c490 ConcurrentGCThread "ZDriver" [stack: 0x000000e6c2000000,0x000000e6c2100000] [id=28004]
  0x000002d37393d4e0 ConcurrentGCThread "ZStat" [stack: 0x000000e6c2200000,0x000000e6c2300000] [id=30040]
  0x000002d37393a5a0 ConcurrentGCThread "ZUnmapper" [stack: 0x000000e6c1e00000,0x000000e6c1f00000] [id=22180]
  0x000002d37393ad80 ConcurrentGCThread "ZUncommitter" [stack: 0x000000e6c1f00000,0x000000e6c2000000] [id=30960]
  0x000002d3738fdee0 GCTaskThread "ZWorker#0" [stack: 0x000000e6c1800000,0x000000e6c1900000] [id=33204]
  0x000002d373914680 GCTaskThread "ZWorker#1" [stack: 0x000000e6c1900000,0x000000e6c1a00000] [id=23152]
  0x000002d3739160e0 GCTaskThread "ZWorker#2" [stack: 0x000000e6c1a00000,0x000000e6c1b00000] [id=11500]
  0x000002d373916b30 GCTaskThread "ZWorker#3" [stack: 0x000000e6c1b00000,0x000000e6c1c00000] [id=236]
  0x000002d373917d20 GCTaskThread "ZWorker#4" [stack: 0x000000e6c1c00000,0x000000e6c1d00000] [id=32892]
  0x000002d373919dc0 GCTaskThread "ZWorker#5" [stack: 0x000000e6c1d00000,0x000000e6c1e00000] [id=12236]
  0x000002d373940790 Thread "RuntimeWorker#0" [stack: 0x000000e6c2300000,0x000000e6c2400000] [id=4692]
  0x000002d373940e30 Thread "RuntimeWorker#1" [stack: 0x000000e6c2400000,0x000000e6c2500000] [id=17840]
  0x000002d373941d60 Thread "RuntimeWorker#2" [stack: 0x000000e6c2500000,0x000000e6c2600000] [id=29196]
  0x000002d3739424f0 Thread "RuntimeWorker#3" [stack: 0x000000e6c2600000,0x000000e6c2700000] [id=21304]
  0x000002d373943420 Thread "RuntimeWorker#4" [stack: 0x000000e6c2700000,0x000000e6c2800000] [id=14772]
  0x000002d373943bb0 Thread "RuntimeWorker#5" [stack: 0x000000e6c2800000,0x000000e6c2900000] [id=28588]
  0x000002d373946f70 Thread "RuntimeWorker#6" [stack: 0x000000e6c2900000,0x000000e6c2a00000] [id=15656]
  0x000002d3739489d0 Thread "RuntimeWorker#7" [stack: 0x000000e6c2a00000,0x000000e6c2b00000] [id=30420]
  0x000002d373949c90 Thread "RuntimeWorker#8" [stack: 0x000000e6c2b00000,0x000000e6c2c00000] [id=2732]
  0x000002d37394a6e0 Thread "RuntimeWorker#9" [stack: 0x000000e6c2c00000,0x000000e6c2d00000] [id=30624]

Threads with active compile tasks:
C2 CompilerThread0    11014 5500   !   4       java.util.concurrent.ConcurrentHashMap::computeIfAbsent (576 bytes)

VM state: not at safepoint (normal execution)

VM Mutex/Monitor currently owned by a thread: None

CDS archive(s) mapped at: [0x0000000800000000-0x0000000800bc0000-0x0000000800bc0000), size 12320768, SharedBaseAddress: 0x0000000800000000, ArchiveRelocationMode: 0.
Compressed class space mapped at: 0x0000000800c00000-0x0000000840c00000, reserved size: 1073741824
Narrow klass base: 0x0000000800000000, Narrow klass shift: 0, Narrow klass range: 0x100000000

GC Precious Log:
 NUMA Support: Disabled
 CPUs: 24 total, 24 available
 Memory: 32509M
 Large Page Support: Disabled
 GC Workers: 6 (dynamic)
 Address Space Type: Contiguous/Unrestricted/Complete
 Address Space Size: 16384M x 3 = 49152M
 Min Capacity: 8M
 Initial Capacity: 508M
 Max Capacity: 1024M
 Medium Page Size: 32M
 Pre-touch: Disabled
 Uncommit: Enabled
 Uncommit Delay: 300s
 Runtime Workers: 10

ZGC Globals:
 GlobalPhase:       2 (Relocate)
 GlobalSeqNum:      5
 Offset Max:        4096G (0x0000040000000000)
 Page Size Small:   2M
 Page Size Medium:  32M

ZGC Metadata Bits:
 Good:              0x0000100000000000
 Bad:               0x00002c0000000000
 WeakBad:           0x00000c0000000000
 Marked:            0x0000040000000000
 Remapped:          0x0000100000000000

Heap:
 ZHeap           used 186M, capacity 508M, max capacity 1024M
 Metaspace       used 61230K, committed 61568K, reserved 1105920K
  class space    used 6371K, committed 6528K, reserved 1048576K

ZGC Page Table:
 Small   0x0000000000000000 0x00000000001fffc8 0x0000000000200000  Allocating
 Medium  0x0000000000200000 0x0000000000582000 0x0000000002200000  Allocating
 Small   0x0000000002200000 0x00000000023ffff0 0x0000000002400000  Allocating
 Large   0x0000000002400000 0x0000000002a00000 0x0000000002a00000  Relocatable
 Small   0x0000000002c00000 0x0000000002dfffd0 0x0000000002e00000  Allocating
 Small   0x0000000002e00000 0x0000000002fb5598 0x0000000003000000  Relocatable
 Small   0x0000000003000000 0x0000000003200000 0x0000000003200000  Allocating
 Small   0x0000000003200000 0x0000000003400000 0x0000000003400000  Allocating
 Small   0x0000000003400000 0x0000000003480000 0x0000000003600000  Allocating
 Small   0x0000000003600000 0x00000000037fffd8 0x0000000003800000  Allocating
 Small   0x0000000003800000 0x00000000039fffe8 0x0000000003a00000  Allocating
 Small   0x0000000003a00000 0x0000000003bffff8 0x0000000003c00000  Allocating
 Small   0x0000000003c00000 0x0000000003dc1848 0x0000000003e00000  Relocatable
 Small   0x0000000003e00000 0x0000000003ffec90 0x0000000004000000  Allocating
 Small   0x0000000004000000 0x00000000041f22c8 0x0000000004200000  Relocatable
 Small   0x0000000004400000 0x00000000045ffff8 0x0000000004600000  Allocating
 Small   0x0000000004600000 0x0000000004800000 0x0000000004800000  Allocating
 Small   0x0000000004800000 0x0000000004a00000 0x0000000004a00000  Allocating
 Small   0x0000000004a00000 0x0000000004bd5b48 0x0000000004c00000  Allocating
 Small   0x0000000004c00000 0x0000000004e00000 0x0000000004e00000  Allocating
 Small   0x0000000004e00000 0x0000000005000000 0x0000000005000000  Allocating
 Small   0x0000000005000000 0x0000000005200000 0x0000000005200000  Allocating
 Small   0x0000000005200000 0x0000000005400000 0x0000000005400000  Allocating
 Small   0x0000000005400000 0x0000000005600000 0x0000000005600000  Allocating
 Small   0x0000000005600000 0x0000000005671f40 0x0000000005800000  Allocating
 Small   0x0000000005800000 0x0000000005a00000 0x0000000005a00000  Allocating
 Small   0x0000000005a00000 0x0000000005bffff8 0x0000000005c00000  Allocating
 Small   0x0000000005c00000 0x0000000005e00000 0x0000000005e00000  Allocating
 Small   0x0000000005e00000 0x0000000006000000 0x0000000006000000  Allocating
 Small   0x0000000006000000 0x000000000616dc50 0x0000000006200000  Allocating
 Small   0x0000000006200000 0x00000000062b3420 0x0000000006400000  Allocating
 Small   0x0000000006400000 0x00000000064b6cd8 0x0000000006600000  Allocating
 Small   0x0000000006600000 0x0000000006732f58 0x0000000006800000  Allocating
 Small   0x0000000006800000 0x0000000006a00000 0x0000000006a00000  Allocating
 Small   0x0000000006c00000 0x0000000006e00000 0x0000000006e00000  Allocating
 Small   0x0000000006e00000 0x0000000007000000 0x0000000007000000  Allocating
 Small   0x0000000007000000 0x00000000070716b8 0x0000000007200000  Allocating
 Small   0x0000000007200000 0x0000000007400000 0x0000000007400000  Allocating
 Small   0x0000000007400000 0x0000000007600000 0x0000000007600000  Allocating
 Small   0x0000000007a00000 0x0000000007c00000 0x0000000007c00000  Allocating
 Small   0x0000000007c00000 0x0000000007e00000 0x0000000007e00000  Allocating
 Small   0x0000000007e00000 0x0000000007fad928 0x0000000008000000  Relocatable
 Small   0x0000000008000000 0x0000000008200000 0x0000000008200000  Allocating
 Small   0x0000000008200000 0x0000000008400000 0x0000000008400000  Allocating
 Small   0x0000000008400000 0x00000000085c3070 0x0000000008600000  Relocatable
 Small   0x0000000008800000 0x0000000008a00000 0x0000000008a00000  Allocating
 Medium  0x0000000009000000 0x000000000999d000 0x000000000b000000  Allocating
 Small   0x000000000b000000 0x000000000b1fffe8 0x000000000b200000  Allocating
 Small   0x000000000b200000 0x000000000b400000 0x000000000b400000  Allocating
 Small   0x000000000be00000 0x000000000c000000 0x000000000c000000  Allocating
 Small   0x000000000c400000 0x000000000c5ef430 0x000000000c600000  Allocating
 Small   0x000000000c600000 0x000000000c800000 0x000000000c800000  Allocating
 Small   0x000000000c800000 0x000000000ca00000 0x000000000ca00000  Allocating
 Small   0x000000000ca00000 0x000000000cbfa698 0x000000000cc00000  Relocatable
 Small   0x000000000d000000 0x000000000d1bb338 0x000000000d200000  Relocatable
 Small   0x000000000d400000 0x000000000d5fffd0 0x000000000d600000  Relocatable
 Small   0x000000000d600000 0x000000000d7ffff0 0x000000000d800000  Allocating
 Small   0x0000000010a00000 0x0000000010c00000 0x0000000010c00000  Allocating
 Small   0x0000000010c00000 0x0000000010de9718 0x0000000010e00000  Allocating
 Small   0x0000000010e00000 0x0000000010fffff8 0x0000000011000000  Allocating
 Small   0x0000000011000000 0x00000000111ffff0 0x0000000011200000  Allocating

ZBarrierSet

Polling page: 0x000002d3730b0000

Metaspace:

Usage:
  Non-class:     53.58 MB used.
      Class:      6.22 MB used.
       Both:     59.80 MB used.

Virtual space:
  Non-class space:       56.00 MB reserved,      53.75 MB ( 96%) committed,  7 nodes.
      Class space:        1.00 GB reserved,       6.38 MB ( <1%) committed,  1 nodes.
             Both:        1.05 GB reserved,      60.12 MB (  6%) committed. 

Chunk freelists:
   Non-Class:  1.33 MB
       Class:  1.48 MB
        Both:  2.81 MB

MaxMetaspaceSize: unlimited
CompressedClassSpaceSize: 1.00 GB
Initial GC threshold: 21.00 MB
Current GC threshold: 84.69 MB
CDS: on
MetaspaceReclaimPolicy: balanced
 - commit_granule_bytes: 65536.
 - commit_granule_words: 8192.
 - virtual_space_node_default_size: 1048576.
 - enlarge_chunks_in_place: 1.
 - new_chunks_are_fully_committed: 0.
 - uncommit_free_chunks: 1.
 - use_allocation_guard: 0.
 - handle_deallocations: 1.


Internal statistics:

num_allocs_failed_limit: 5.
num_arena_births: 350.
num_arena_deaths: 0.
num_vsnodes_births: 8.
num_vsnodes_deaths: 0.
num_space_committed: 943.
num_space_uncommitted: 0.
num_chunks_returned_to_freelist: 5.
num_chunks_taken_from_freelist: 1855.
num_chunk_merges: 5.
num_chunk_splits: 1441.
num_chunks_enlarged: 1201.
num_purges: 0.
num_inconsistent_stats: 0.

CodeHeap 'non-profiled nmethods': size=119168Kb used=2564Kb max_used=2712Kb free=116603Kb
 bounds [0x000002d307ba0000, 0x000002d307e50000, 0x000002d30f000000]
CodeHeap 'profiled nmethods': size=119104Kb used=10045Kb max_used=10277Kb free=109059Kb
 bounds [0x000002d300750000, 0x000002d301160000, 0x000002d307ba0000]
CodeHeap 'non-nmethods': size=7488Kb used=3195Kb max_used=4308Kb free=4292Kb
 bounds [0x000002d300000000, 0x000002d300440000, 0x000002d300750000]
 total_blobs=6591 nmethods=4819 adapters=1682
 compilation: enabled
              stopped_count=0, restarted_count=0
 full_count=0

Compilation events (20 events):
Event: 10.998 Thread 0x000002d373417510 nmethod 5598 0x000002d30112a790 code [0x000002d30112a9c0, 0x000002d30112b488]
Event: 10.998 Thread 0x000002d31f337300 5601       3       sun.java2d.marlin.FloatMath::ceil_int (29 bytes)
Event: 10.998 Thread 0x000002d373417510 5602       3       sun.java2d.marlin.FloatMath::min (11 bytes)
Event: 10.999 Thread 0x000002d373417510 nmethod 5602 0x000002d300dadf10 code [0x000002d300dae0a0, 0x000002d300dae1f8]
Event: 10.999 Thread 0x000002d373417510 5599       3       kotlinx.coroutines.ChildHandleNode::<init> (10 bytes)
Event: 10.999 Thread 0x000002d31f337300 nmethod 5601 0x000002d30112a210 code [0x000002d30112a3c0, 0x000002d30112a6b8]
Event: 10.999 Thread 0x000002d373417510 nmethod 5599 0x000002d301129c10 code [0x000002d301129dc0, 0x000002d30112a0d8]
Event: 10.999 Thread 0x000002d373417510 5603       1       org.jetbrains.skia.impl.CleanableImpl::getPrev (5 bytes)
Event: 10.999 Thread 0x000002d373417510 nmethod 5603 0x000002d307dc9810 code [0x000002d307dc99a0, 0x000002d307dc9a98]
Event: 10.999 Thread 0x000002d373417510 5604       3       androidx.compose.ui.node.ModifiedLayoutNode::getMeasureScope (8 bytes)
Event: 10.999 Thread 0x000002d373417510 nmethod 5604 0x000002d301129710 code [0x000002d3011298c0, 0x000002d301129b08]
Event: 10.999 Thread 0x000002d373417510 5605       1       androidx.compose.runtime.external.kotlinx.collections.immutable.implementations.immutableMap.PersistentHashMap::getNode$runtime (5 bytes)
Event: 10.999 Thread 0x000002d31f337300 5606       3       androidx.compose.ui.graphics.Color::constructor-impl (2 bytes)
Event: 11.000 Thread 0x000002d373417510 nmethod 5605 0x000002d307dc9510 code [0x000002d307dc96a0, 0x000002d307dc9798]
Event: 11.000 Thread 0x000002d31f337300 nmethod 5606 0x000002d3010e5110 code [0x000002d3010e52a0, 0x000002d3010e5398]
Event: 11.000 Thread 0x000002d31f338740 nmethod 5519 0x000002d307dc8790 code [0x000002d307dc89a0, 0x000002d307dc9180]
Event: 11.000 Thread 0x000002d31f338740 5534       4       androidx.compose.ui.unit.Constraints::getFocusIndex-impl (7 bytes)
Event: 11.000 Thread 0x000002d31f338740 nmethod 5534 0x000002d307dc8490 code [0x000002d307dc8600, 0x000002d307dc8678]
Event: 11.000 Thread 0x000002d31f338740 5576       4       androidx.compose.ui.node.EntityList::head-0OSVbXo (4 bytes)
Event: 11.000 Thread 0x000002d31f338740 nmethod 5576 0x000002d307dc8190 code [0x000002d307dc8300, 0x000002d307dc83d8]

GC Heap History (8 events):
Event: 0.334 GC heap before
{Heap before GC invocations=0 (full 0):
 ZHeap           used 114M, capacity 508M, max capacity 1024M
 Metaspace       used 3553K, committed 3712K, reserved 1056768K
  class space    used 287K, committed 384K, reserved 1048576K
}
Event: 0.355 GC heap after
{Heap after GC invocations=1 (full 1):
 ZHeap           used 66M, capacity 508M, max capacity 1024M
 Metaspace       used 3553K, committed 3712K, reserved 1056768K
  class space    used 287K, committed 384K, reserved 1048576K
}
Event: 1.225 GC heap before
{Heap before GC invocations=1 (full 1):
 ZHeap           used 206M, capacity 508M, max capacity 1024M
 Metaspace       used 18044K, committed 18240K, reserved 1064960K
  class space    used 1755K, committed 1856K, reserved 1048576K
}
Event: 1.250 GC heap after
{Heap after GC invocations=2 (full 2):
 ZHeap           used 56M, capacity 508M, max capacity 1024M
 Metaspace       used 18044K, committed 18240K, reserved 1064960K
  class space    used 1755K, committed 1856K, reserved 1048576K
}
Event: 3.094 GC heap before
{Heap before GC invocations=2 (full 2):
 ZHeap           used 132M, capacity 508M, max capacity 1024M
 Metaspace       used 30187K, committed 30464K, reserved 1081344K
  class space    used 2952K, committed 3072K, reserved 1048576K
}
Event: 3.109 GC heap after
{Heap after GC invocations=3 (full 3):
 ZHeap           used 94M, capacity 508M, max capacity 1024M
 Metaspace       used 30512K, committed 30784K, reserved 1081344K
  class space    used 2998K, committed 3136K, reserved 1048576K
}
Event: 3.917 GC heap before
{Heap before GC invocations=3 (full 3):
 ZHeap           used 234M, capacity 508M, max capacity 1024M
 Metaspace       used 51068K, committed 51392K, reserved 1097728K
  class space    used 5606K, committed 5760K, reserved 1048576K
}
Event: 3.945 GC heap after
{Heap after GC invocations=4 (full 4):
 ZHeap           used 98M, capacity 508M, max capacity 1024M
 Metaspace       used 51819K, committed 52096K, reserved 1097728K
  class space    used 5656K, committed 5824K, reserved 1048576K
}

Deoptimization events (20 events):
Event: 10.979 Thread 0x000002d310259090 Uncommon trap: trap_request=0xffffffc6 fr.pc=0x000002d307d867ec relative=0x000000000000012c
Event: 10.979 Thread 0x000002d310259090 Uncommon trap: reason=bimorphic_or_optimized_type_check action=maybe_recompile pc=0x000002d307d867ec method=androidx.compose.runtime.snapshots.TransparentObserverMutableSnapshot.getInvalid$runtime()Landroidx/compose/runtime/snapshots/SnapshotIdSet; @ 4 c2
Event: 10.979 Thread 0x000002d310259090 DEOPT PACKING pc=0x000002d307d867ec sp=0x000000e6c4dfbea0
Event: 10.979 Thread 0x000002d310259090 DEOPT UNPACKING pc=0x000002d3000522a3 sp=0x000000e6c4dfbe38 mode 2
Event: 10.979 Thread 0x000002d310259090 Uncommon trap: trap_request=0xffffffc6 fr.pc=0x000002d307d861d0 relative=0x0000000000000110
Event: 10.979 Thread 0x000002d310259090 Uncommon trap: reason=bimorphic_or_optimized_type_check action=maybe_recompile pc=0x000002d307d861d0 method=androidx.compose.runtime.snapshots.TransparentObserverMutableSnapshot.getId()I @ 4 c2
Event: 10.979 Thread 0x000002d310259090 DEOPT PACKING pc=0x000002d307d861d0 sp=0x000000e6c4dfb950
Event: 10.979 Thread 0x000002d310259090 DEOPT UNPACKING pc=0x000002d3000522a3 sp=0x000000e6c4dfb8e8 mode 2
Event: 10.979 Thread 0x000002d310259090 Uncommon trap: trap_request=0xffffffc6 fr.pc=0x000002d307d867ec relative=0x000000000000012c
Event: 10.979 Thread 0x000002d310259090 Uncommon trap: reason=bimorphic_or_optimized_type_check action=maybe_recompile pc=0x000002d307d867ec method=androidx.compose.runtime.snapshots.TransparentObserverMutableSnapshot.getInvalid$runtime()Landroidx/compose/runtime/snapshots/SnapshotIdSet; @ 4 c2
Event: 10.979 Thread 0x000002d310259090 DEOPT PACKING pc=0x000002d307d867ec sp=0x000000e6c4dfb950
Event: 10.979 Thread 0x000002d310259090 DEOPT UNPACKING pc=0x000002d3000522a3 sp=0x000000e6c4dfb8e8 mode 2
Event: 10.979 Thread 0x000002d310259090 Uncommon trap: trap_request=0xffffffc6 fr.pc=0x000002d307d867ec relative=0x000000000000012c
Event: 10.979 Thread 0x000002d310259090 Uncommon trap: reason=bimorphic_or_optimized_type_check action=maybe_recompile pc=0x000002d307d867ec method=androidx.compose.runtime.snapshots.TransparentObserverMutableSnapshot.getInvalid$runtime()Landroidx/compose/runtime/snapshots/SnapshotIdSet; @ 4 c2
Event: 10.979 Thread 0x000002d310259090 DEOPT PACKING pc=0x000002d307d867ec sp=0x000000e6c4dfb8e0
Event: 10.979 Thread 0x000002d310259090 DEOPT UNPACKING pc=0x000002d3000522a3 sp=0x000000e6c4dfb878 mode 2
Event: 10.991 Thread 0x000002d310259090 Uncommon trap: trap_request=0xffffffbe fr.pc=0x000002d307c71478 relative=0x00000000000006f8
Event: 10.991 Thread 0x000002d310259090 Uncommon trap: reason=profile_predicate action=maybe_recompile pc=0x000002d307c71478 method=java.util.TreeMap.getEntryUsingComparator(Ljava/lang/Object;)Ljava/util/TreeMap$Entry; @ 19 c2
Event: 10.991 Thread 0x000002d310259090 DEOPT PACKING pc=0x000002d307c71478 sp=0x000000e6c4dfc6f0
Event: 10.991 Thread 0x000002d310259090 DEOPT UNPACKING pc=0x000002d3000522a3 sp=0x000000e6c4dfc6b0 mode 2

Classes unloaded (0 events):
No events

Classes redefined (0 events):
No events

Internal exceptions (20 events):
Event: 4.183 Thread 0x000002d31cc90da0 Exception <a 'java/lang/NoSuchMethodError'{0x0000100004ad0c90}: 'int java.lang.invoke.DirectMethodHandle$Holder.invokeStaticInit(java.lang.Object, java.lang.Object, long, long)'> (0x0000100004ad0c90) 
thrown [t:\workspace\open\src\hotspot\share\interpreter\linkResolver.cpp, line 766]
Event: 4.183 Thread 0x000002d31cc90da0 Exception <a 'java/lang/NoSuchMethodError'{0x0000100004ad8678}: 'java.lang.Object java.lang.invoke.DirectMethodHandle$Holder.newInvokeSpecial(java.lang.Object, java.lang.Object, long)'> (0x0000100004ad8678) 
thrown [t:\workspace\open\src\hotspot\share\interpreter\linkResolver.cpp, line 766]
Event: 4.183 Thread 0x000002d31cc90da0 Exception <a 'java/lang/NoSuchMethodError'{0x0000100004add0f8}: 'java.lang.Object java.lang.invoke.Invokers$Holder.linkToTargetMethod(java.lang.Object, long, java.lang.Object)'> (0x0000100004add0f8) 
thrown [t:\workspace\open\src\hotspot\share\interpreter\linkResolver.cpp, line 766]
Event: 4.183 Thread 0x000002d31cc90da0 Exception <a 'java/lang/NoSuchMethodError'{0x0000100004ae6890}: 'int java.lang.invoke.DirectMethodHandle$Holder.invokeStaticInit(java.lang.Object, java.lang.Object, java.lang.Object, long)'> (0x0000100004ae6890) 
thrown [t:\workspace\open\src\hotspot\share\interpreter\linkResolver.cpp, line 766]
Event: 4.237 Thread 0x000002d31cc90da0 Exception <a 'java/lang/NoSuchMethodError'{0x0000100006d42b70}: 'void java.lang.invoke.DirectMethodHandle$Holder.invokeStaticInit(java.lang.Object, java.lang.Object, java.lang.Object, java.lang.Object)'> (0x0000100006d42b70) 
thrown [t:\workspace\open\src\hotspot\share\interpreter\linkResolver.cpp, line 766]
Event: 4.238 Thread 0x000002d31cc90da0 Exception <a 'java/lang/NoSuchMethodError'{0x0000100006d4cee8}: 'void java.lang.invoke.DirectMethodHandle$Holder.invokeStatic(java.lang.Object, int, java.lang.Object)'> (0x0000100006d4cee8) 
thrown [t:\workspace\open\src\hotspot\share\interpreter\linkResolver.cpp, line 766]
Event: 4.238 Thread 0x000002d31cc90da0 Exception <a 'java/lang/NoSuchMethodError'{0x0000100006d515e0}: 'void java.lang.invoke.DirectMethodHandle$Holder.invokeStaticInit(java.lang.Object, int, java.lang.Object)'> (0x0000100006d515e0) 
thrown [t:\workspace\open\src\hotspot\share\interpreter\linkResolver.cpp, line 766]
Event: 4.238 Thread 0x000002d31cc90da0 Exception <a 'java/lang/NoSuchMethodError'{0x0000100006d5c7a0}: 'void java.lang.invoke.DirectMethodHandle$Holder.invokeStatic(java.lang.Object, int, java.lang.Object, java.lang.Object)'> (0x0000100006d5c7a0) 
thrown [t:\workspace\open\src\hotspot\share\interpreter\linkResolver.cpp, line 766]
Event: 4.238 Thread 0x000002d31cc90da0 Exception <a 'java/lang/NoSuchMethodError'{0x0000100006d61120}: 'void java.lang.invoke.DirectMethodHandle$Holder.invokeStaticInit(java.lang.Object, int, java.lang.Object, java.lang.Object)'> (0x0000100006d61120) 
thrown [t:\workspace\open\src\hotspot\share\interpreter\linkResolver.cpp, line 766]
Event: 4.238 Thread 0x000002d31cc90da0 Exception <a 'java/lang/NoSuchMethodError'{0x0000100006d69228}: 'java.lang.Object java.lang.invoke.DirectMethodHandle$Holder.newInvokeSpecial(java.lang.Object, int, java.lang.Object)'> (0x0000100006d69228) 
thrown [t:\workspace\open\src\hotspot\share\interpreter\linkResolver.cpp, line 766]
Event: 4.241 Thread 0x000002d31cc90da0 Exception <a 'java/lang/IncompatibleClassChangeError'{0x0000100006deb430}: Found class java.lang.Object, but interface was expected> (0x0000100006deb430) 
thrown [t:\workspace\open\src\hotspot\share\interpreter\linkResolver.cpp, line 833]
Event: 4.241 Thread 0x000002d31cc90da0 Exception <a 'java/lang/IncompatibleClassChangeError'{0x0000100006df1fd8}: Found class java.lang.Object, but interface was expected> (0x0000100006df1fd8) 
thrown [t:\workspace\open\src\hotspot\share\interpreter\linkResolver.cpp, line 833]
Event: 4.241 Thread 0x000002d31cc90da0 Exception <a 'java/lang/IncompatibleClassChangeError'{0x0000100003017b20}: Found class java.lang.Object, but interface was expected> (0x0000100003017b20) 
thrown [t:\workspace\open\src\hotspot\share\interpreter\linkResolver.cpp, line 833]
Event: 4.267 Thread 0x000002d31cc90da0 Exception <a 'java/lang/NoSuchMethodError'{0x0000100008865ec0}: 'netscape.javascript.JSObject netscape.javascript.JSObject.getWindow(java.applet.Applet)'> (0x0000100008865ec0) 
thrown [t:\workspace\open\src\hotspot\share\interpreter\linkResolver.cpp, line 766]
Event: 4.510 Thread 0x000002d31cc90da0 Exception <a 'java/lang/NullPointerException'{0x0000100007c52c20}> (0x0000100007c52c20) 
thrown [t:\workspace\open\src\hotspot\share\interpreter\linkResolver.cpp, line 1357]
Event: 4.510 Thread 0x000002d31cc90da0 Exception <a 'java/lang/NullPointerException'{0x0000100007c53eb0}> (0x0000100007c53eb0) 
thrown [t:\workspace\open\src\hotspot\share\interpreter\linkResolver.cpp, line 1357]
Event: 4.529 Thread 0x000002d31cc90da0 Exception <a 'java/lang/NoSuchMethodError'{0x0000100008108a18}: 'netscape.javascript.JSObject netscape.javascript.JSObject.getWindow(java.applet.Applet)'> (0x0000100008108a18) 
thrown [t:\workspace\open\src\hotspot\share\interpreter\linkResolver.cpp, line 766]
Event: 4.544 Thread 0x000002d31cc90da0 Exception <a 'java/lang/NullPointerException'{0x000010000b21afd0}> (0x000010000b21afd0) 
thrown [t:\workspace\open\src\hotspot\share\interpreter\linkResolver.cpp, line 1357]
Event: 4.545 Thread 0x000002d31cc90da0 Exception <a 'java/lang/NullPointerException'{0x000010000b21d990}> (0x000010000b21d990) 
thrown [t:\workspace\open\src\hotspot\share\interpreter\linkResolver.cpp, line 1357]
Event: 4.553 Thread 0x000002d31cc90da0 Exception <a 'java/lang/NullPointerException'{0x000010000b231190}> (0x000010000b231190) 
thrown [t:\workspace\open\src\hotspot\share\interpreter\linkResolver.cpp, line 1357]

VM Operations (20 events):
Event: 4.164 Executing VM operation: HandshakeAllThreads
Event: 4.164 Executing VM operation: HandshakeAllThreads done
Event: 4.181 Executing VM operation: HandshakeAllThreads
Event: 4.181 Executing VM operation: HandshakeAllThreads done
Event: 4.181 Executing VM operation: HandshakeAllThreads
Event: 4.181 Executing VM operation: HandshakeAllThreads done
Event: 4.268 Executing VM operation: ICBufferFull
Event: 4.269 Executing VM operation: ICBufferFull done
Event: 4.357 Executing VM operation: HandshakeAllThreads
Event: 4.357 Executing VM operation: HandshakeAllThreads done
Event: 5.356 Executing VM operation: Cleanup
Event: 5.356 Executing VM operation: Cleanup done
Event: 6.357 Executing VM operation: Cleanup
Event: 6.357 Executing VM operation: Cleanup done
Event: 8.358 Executing VM operation: Cleanup
Event: 8.358 Executing VM operation: Cleanup done
Event: 9.359 Executing VM operation: Cleanup
Event: 9.359 Executing VM operation: Cleanup done
Event: 10.359 Executing VM operation: Cleanup
Event: 10.359 Executing VM operation: Cleanup done

Events (20 events):
Event: 4.545 loading class java/awt/Desktop done
Event: 4.545 loading class java/awt/Desktop$Action
Event: 4.545 loading class java/awt/Desktop$Action done
Event: 4.545 loading class sun/awt/windows/WDesktopPeer$1
Event: 4.545 loading class sun/awt/windows/WDesktopPeer$1 done
Event: 4.553 Thread 0x000002d31cc8f0c0 Thread exited: 0x000002d31cc8f0c0
Event: 4.553 Thread 0x000002d31cc90da0 Thread exited: 0x000002d31cc90da0
Event: 4.703 Thread 0x000002d31d67ede0 Thread exited: 0x000002d31d67ede0
Event: 5.308 Thread 0x000002d57f19e730 Thread exited: 0x000002d57f19e730
Event: 5.611 Thread 0x000002d57e8f24b0 Thread exited: 0x000002d57e8f24b0
Event: 6.626 Thread 0x000002d57ec4adb0 Thread exited: 0x000002d57ec4adb0
Event: 7.950 Thread 0x000002d3734c6a30 Thread exited: 0x000002d3734c6a30
Event: 10.222 loading class java/awt/event/MouseEvent$1
Event: 10.222 loading class sun/awt/AWTAccessor$MouseEventAccessor
Event: 10.223 loading class sun/awt/AWTAccessor$MouseEventAccessor done
Event: 10.223 loading class java/awt/event/MouseEvent$1 done
Event: 10.223 loading class java/awt/Cursor$CursorDisposer
Event: 10.223 loading class java/awt/Cursor$CursorDisposer done
Event: 10.978 Thread 0x000002d31f337300 Thread added: 0x000002d31f337300
Event: 10.994 Thread 0x000002d31f338740 Thread added: 0x000002d31f338740


Dynamic libraries:
0x00007ff7a33c0000 - 0x00007ff7a33d0000 	C:\Program Files\Java\jdk-17.0.3\bin\java.exe
0x00007ffd37760000 - 0x00007ffd37969000 	C:\Windows\SYSTEM32\ntdll.dll
0x00007ffd35dc0000 - 0x00007ffd35e7d000 	C:\Windows\System32\KERNEL32.DLL
0x00007ffd34c60000 - 0x00007ffd34fdd000 	C:\Windows\System32\KERNELBASE.dll
0x00007ffd351b0000 - 0x00007ffd352c1000 	C:\Windows\System32\ucrtbase.dll
0x00007ffd31370000 - 0x00007ffd31388000 	C:\Program Files\Java\jdk-17.0.3\bin\jli.dll
0x00007ffd2f680000 - 0x00007ffd2f69a000 	C:\Program Files\Java\jdk-17.0.3\bin\VCRUNTIME140.dll
0x00007ffd36000000 - 0x00007ffd360ae000 	C:\Windows\System32\ADVAPI32.dll
0x00007ffd358c0000 - 0x00007ffd35963000 	C:\Windows\System32\msvcrt.dll
0x00007ffd35700000 - 0x00007ffd3579e000 	C:\Windows\System32\sechost.dll
0x00007ffd355e0000 - 0x00007ffd35700000 	C:\Windows\System32\RPCRT4.dll
0x00007ffd36190000 - 0x00007ffd3633d000 	C:\Windows\System32\USER32.dll
0x00007ffd22d10000 - 0x00007ffd22fb5000 	C:\Windows\WinSxS\amd64_microsoft.windows.common-controls_6595b64144ccf1df_6.0.22000.120_none_9d947278b86cc467\COMCTL32.dll
0x00007ffd34c30000 - 0x00007ffd34c56000 	C:\Windows\System32\win32u.dll
0x00007ffd36340000 - 0x00007ffd36369000 	C:\Windows\System32\GDI32.dll
0x00007ffd354c0000 - 0x00007ffd355d9000 	C:\Windows\System32\gdi32full.dll
0x00007ffd350a0000 - 0x00007ffd3513d000 	C:\Windows\System32\msvcp_win.dll
0x00007ffd2b720000 - 0x00007ffd2b72a000 	C:\Windows\SYSTEM32\VERSION.dll
0x00007ffd35d80000 - 0x00007ffd35db1000 	C:\Windows\System32\IMM32.DLL
0x00007ffd31360000 - 0x00007ffd3136c000 	C:\Program Files\Java\jdk-17.0.3\bin\vcruntime140_1.dll
0x00007ffd25d20000 - 0x00007ffd25dad000 	C:\Program Files\Java\jdk-17.0.3\bin\msvcp140.dll
0x00007ffcef370000 - 0x00007ffceff31000 	C:\Program Files\Java\jdk-17.0.3\bin\server\jvm.dll
0x00007ffd35ee0000 - 0x00007ffd35ee8000 	C:\Windows\System32\PSAPI.DLL
0x00007ffd1a4a0000 - 0x00007ffd1a4a9000 	C:\Windows\SYSTEM32\WSOCK32.dll
0x00007ffd2ae00000 - 0x00007ffd2ae33000 	C:\Windows\SYSTEM32\WINMM.dll
0x00007ffd376b0000 - 0x00007ffd3771f000 	C:\Windows\System32\WS2_32.dll
0x00007ffd33d60000 - 0x00007ffd33d78000 	C:\Windows\SYSTEM32\kernel.appcore.dll
0x00007ffd2e8b0000 - 0x00007ffd2e8ba000 	C:\Program Files\Java\jdk-17.0.3\bin\jimage.dll
0x00007ffd1f320000 - 0x00007ffd1f541000 	C:\Program Files\Java\jdk-17.0.3\bin\DBGHELP.DLL
0x00007ffd1d030000 - 0x00007ffd1d061000 	C:\Windows\SYSTEM32\dbgcore.DLL
0x00007ffd352d0000 - 0x00007ffd3534f000 	C:\Windows\System32\bcryptPrimitives.dll
0x00007ffd2d610000 - 0x00007ffd2d635000 	C:\Program Files\Java\jdk-17.0.3\bin\java.dll
0x00007ffd25aa0000 - 0x00007ffd25b76000 	C:\Program Files\Java\jdk-17.0.3\bin\jsvml.dll
0x00007ffd36a10000 - 0x00007ffd371c8000 	C:\Windows\System32\SHELL32.dll
0x00007ffd32cf0000 - 0x00007ffd33558000 	C:\Windows\SYSTEM32\windows.storage.dll
0x00007ffd36370000 - 0x00007ffd366e7000 	C:\Windows\System32\combase.dll
0x00007ffd32b80000 - 0x00007ffd32ce6000 	C:\Windows\SYSTEM32\wintypes.dll
0x00007ffd35c80000 - 0x00007ffd35d6a000 	C:\Windows\System32\SHCORE.dll
0x00007ffd35e80000 - 0x00007ffd35edd000 	C:\Windows\System32\shlwapi.dll
0x00007ffd34b60000 - 0x00007ffd34b81000 	C:\Windows\SYSTEM32\profapi.dll
0x00007ffd28f30000 - 0x00007ffd28f49000 	C:\Program Files\Java\jdk-17.0.3\bin\net.dll
0x00007ffd2e5b0000 - 0x00007ffd2e6bc000 	C:\Windows\SYSTEM32\WINHTTP.dll
0x00007ffd341f0000 - 0x00007ffd34257000 	C:\Windows\system32\mswsock.dll
0x00007ffd28eb0000 - 0x00007ffd28ec6000 	C:\Program Files\Java\jdk-17.0.3\bin\nio.dll
0x00007ffd28e90000 - 0x00007ffd28ea8000 	C:\Program Files\Java\jdk-17.0.3\bin\zip.dll
0x00007ffd27700000 - 0x00007ffd2770e000 	C:\Program Files\Java\jdk-17.0.3\bin\sunmscapi.dll
0x00007ffd35350000 - 0x00007ffd354b2000 	C:\Windows\System32\CRYPT32.dll
0x00007ffd345e0000 - 0x00007ffd34608000 	C:\Windows\SYSTEM32\ncrypt.dll
0x00007ffd345a0000 - 0x00007ffd345d7000 	C:\Windows\SYSTEM32\NTASN1.dll
0x00007ffd344d0000 - 0x00007ffd344e8000 	C:\Windows\SYSTEM32\CRYPTSP.dll
0x00007ffd33cc0000 - 0x00007ffd33cf5000 	C:\Windows\system32\rsaenh.dll
0x00007ffd34290000 - 0x00007ffd342b9000 	C:\Windows\SYSTEM32\USERENV.dll
0x00007ffd34610000 - 0x00007ffd34637000 	C:\Windows\SYSTEM32\bcrypt.dll
0x00007ffd343e0000 - 0x00007ffd343ec000 	C:\Windows\SYSTEM32\CRYPTBASE.dll
0x00007ffd33890000 - 0x00007ffd338bd000 	C:\Windows\SYSTEM32\IPHLPAPI.DLL
0x00007ffd357a0000 - 0x00007ffd357a9000 	C:\Windows\System32\NSI.dll
0x00007ffd2e530000 - 0x00007ffd2e549000 	C:\Windows\SYSTEM32\dhcpcsvc6.DLL
0x00007ffd2e880000 - 0x00007ffd2e89e000 	C:\Windows\SYSTEM32\dhcpcsvc.DLL
0x00007ffd338c0000 - 0x00007ffd339a8000 	C:\Windows\SYSTEM32\DNSAPI.dll
0x00007ffd25580000 - 0x00007ffd2570f000 	C:\Program Files\Java\jdk-17.0.3\bin\awt.dll
0x00007ffd360b0000 - 0x00007ffd36186000 	C:\Windows\System32\OLEAUT32.dll
0x00007ffd32150000 - 0x00007ffd321e2000 	C:\Windows\SYSTEM32\apphelp.dll
0x00007ffd32660000 - 0x00007ffd3268f000 	C:\Windows\system32\DWMAPI.DLL
0x00007ffd322c0000 - 0x00007ffd3236c000 	C:\Windows\system32\uxtheme.dll
0x00007ffd29d80000 - 0x00007ffd29e09000 	C:\Program Files\Java\jdk-17.0.3\bin\freetype.dll
0x00007ffd21570000 - 0x00007ffd21618000 	C:\Program Files\Java\jdk-17.0.3\bin\fontmanager.dll
0x00007ffce82d0000 - 0x00007ffce8401000 	C:\ProgramData\A-Volute\A-Volute.28054DF1F58B4\Modules\ScheduledModules\x64\AudioDevProps2.dll
0x00007ffd366f0000 - 0x00007ffd3688a000 	C:\Windows\System32\ole32.dll
0x00007ffcf1b20000 - 0x00007ffcf1bce000 	C:\ProgramData\A-Volute\A-Volute.28054DF1F58B4\Modules\ScheduledModules\x64\NahimicOSD.dll
0x00007ffcfea90000 - 0x00007ffcfeab0000 	C:\ProgramData\A-Volute\A-Volute.28054DF1F58B4\Modules\ScheduledModules\x64\ProductInfo.dll
0x00007ffcf1450000 - 0x00007ffcf1581000 	C:\ProgramData\A-Volute\A-Volute.SonicStudio3\Modules\ScheduledModules\x64\AudioDevProps2.dll
0x00007ffd368f0000 - 0x00007ffd36a0d000 	C:\Windows\System32\MSCTF.dll
0x00007ffd2b6d0000 - 0x00007ffd2b6da000 	C:\Windows\System32\rasadhlp.dll
0x00007ffd2d3d0000 - 0x00007ffd2d451000 	C:\Windows\System32\fwpuclnt.dll
0x00007ffcb2e90000 - 0x00007ffcb3e9f000 	C:\Users\Tyler\.skiko\c6180704433d4cd307fdefa94158c245e717d24d338c13a6d853fedbec7dc53a\skiko-windows-x64.dll
0x00007ffcb5300000 - 0x00007ffcb5401000 	C:\Windows\SYSTEM32\OPENGL32.dll
0x00007ffcf2560000 - 0x00007ffcf258d000 	C:\Windows\SYSTEM32\GLU32.dll
0x00007ffd323e0000 - 0x00007ffd32418000 	C:\Windows\SYSTEM32\dxcore.dll
0x00007ffd29650000 - 0x00007ffd297f6000 	C:\Windows\system32\d3d9.dll
0x00007ffd2e390000 - 0x00007ffd2e4a7000 	C:\Windows\System32\DriverStore\FileRepository\nv_dispi.inf_amd64_47917a79b8c7fd22\nvldumdx.dll
0x00007ffd34520000 - 0x00007ffd34532000 	C:\Windows\SYSTEM32\msasn1.dll
0x00007ffd2b6e0000 - 0x00007ffd2b711000 	C:\Windows\SYSTEM32\cryptnet.dll
0x00007ffd2b580000 - 0x00007ffd2b6c9000 	C:\Windows\SYSTEM32\drvstore.dll
0x00007ffd34950000 - 0x00007ffd3497c000 	C:\Windows\SYSTEM32\devobj.dll
0x00007ffd34900000 - 0x00007ffd3494c000 	C:\Windows\SYSTEM32\cfgmgr32.dll
0x00007ffd34470000 - 0x00007ffd344b1000 	C:\Windows\SYSTEM32\wldp.dll
0x00007ffd35140000 - 0x00007ffd351a8000 	C:\Windows\System32\WINTRUST.DLL
0x00007ffd35ef0000 - 0x00007ffd35f0f000 	C:\Windows\System32\imagehlp.dll
0x00007ffc8c470000 - 0x00007ffc8dc7a000 	C:\Windows\System32\DriverStore\FileRepository\nv_dispi.inf_amd64_47917a79b8c7fd22\nvd3dumx.dll
0x00007ffd2fa90000 - 0x00007ffd2fad4000 	C:\Windows\SYSTEM32\directxdatabasehelper.dll
0x00007ffd33d80000 - 0x00007ffd33db4000 	C:\Windows\SYSTEM32\ntmarta.dll
0x00007ffce0fa0000 - 0x00007ffce1267000 	C:\Windows\system32\nvspcap64.dll
0x00007ffd34260000 - 0x00007ffd34284000 	C:\Windows\SYSTEM32\gpapi.dll
0x00007ffd31470000 - 0x00007ffd31476000 	C:\Users\Tyler\AppData\Local\Temp\flatlaf.temp\flatlaf-windows-x86_64-707620630033000.dll
0x00007ffd31350000 - 0x00007ffd31357000 	C:\Program Files\Java\jdk-17.0.3\bin\jawt.dll
0x00007ffd32440000 - 0x00007ffd32533000 	C:\Windows\SYSTEM32\Dxgi.dll
0x00007ffd29f30000 - 0x00007ffd29f52000 	C:\Windows\SYSTEM32\D3D12.dll
0x00007ffd20020000 - 0x00007ffd20224000 	C:\Windows\SYSTEM32\D3D12Core.dll
0x00007ffcd66e0000 - 0x00007ffcd90da000 	C:\Windows\System32\DriverStore\FileRepository\nv_dispi.inf_amd64_47917a79b8c7fd22\nvwgf2umx.dll
0x00007ffd29f00000 - 0x00007ffd29f2d000 	C:\Windows\SYSTEM32\D3DSCache.dll
0x00007ffd2c6c0000 - 0x00007ffd2c926000 	C:\Windows\SYSTEM32\twinapi.appcore.dll
0x00007ffd12c50000 - 0x00007ffd12eaf000 	C:\Windows\SYSTEM32\dwrite.dll
0x00007ffd2d600000 - 0x00007ffd2d610000 	C:\Program Files\Java\jdk-17.0.3\bin\verify.dll
0x00007ffd30310000 - 0x00007ffd30529000 	C:\Windows\SYSTEM32\dcomp.dll
0x00007ffd314a0000 - 0x00007ffd31906000 	C:\Windows\SYSTEM32\d3dcompiler_47.dll
0x00007ffd06850000 - 0x00007ffd0697d000 	C:\Windows\SYSTEM32\textinputframework.dll
0x00007ffd29a90000 - 0x00007ffd29ab7000 	C:\Users\Tyler\AppData\Local\Temp\7247085602742460377rlawt.dll
0x00007ffd35b60000 - 0x00007ffd35c15000 	C:\Windows\System32\clbcatq.dll
0x00007ffd2f4b0000 - 0x00007ffd2f5e4000 	C:\Windows\System32\AppXDeploymentClient.dll
0x00007ffd2f0a0000 - 0x00007ffd2f28f000 	C:\Windows\SYSTEM32\urlmon.dll
0x00007ffd2e8c0000 - 0x00007ffd2eb73000 	C:\Windows\System32\iertutil.dll
0x00007ffd2eb80000 - 0x00007ffd2eba8000 	C:\Windows\System32\srvcli.dll
0x00007ffd33880000 - 0x00007ffd3388c000 	C:\Windows\System32\netutils.dll
0x00007ffc9aad0000 - 0x00007ffc9dc89000 	C:\Windows\System32\DriverStore\FileRepository\nv_dispi.inf_amd64_47917a79b8c7fd22\nvoglv64.dll
0x00007ffd371d0000 - 0x00007ffd3763c000 	C:\Windows\System32\SETUPAPI.dll
0x00007ffd31180000 - 0x00007ffd31194000 	C:\Windows\SYSTEM32\WTSAPI32.dll
0x00007ffd33570000 - 0x00007ffd335bd000 	C:\Windows\SYSTEM32\powrprof.dll
0x00007ffd33660000 - 0x00007ffd33673000 	C:\Windows\SYSTEM32\UMPDC.dll
0x00007ffd33810000 - 0x00007ffd33874000 	C:\Windows\SYSTEM32\WINSTA.dll
0x00007ffd31d10000 - 0x00007ffd31e41000 	C:\Windows\SYSTEM32\CoreMessaging.dll
0x00007ffd2ed30000 - 0x00007ffd2f09d000 	C:\Windows\SYSTEM32\CoreUIComponents.dll
0x00007ffd25ca0000 - 0x00007ffd25d15000 	C:\Users\Tyler\AppData\Local\Temp\lwjgl-rl-amd64\3.3.1-build-7\lwjgl.dll
0x00007ffd25860000 - 0x00007ffd258bd000 	C:\Users\Tyler\AppData\Local\Temp\lwjgl-rl-amd64\3.3.1-build-7\lwjgl_opengl.dll
0x00007ffd2b130000 - 0x00007ffd2b139000 	C:\Program Files\Java\jdk-17.0.3\bin\management.dll
0x00007ffd28e80000 - 0x00007ffd28e8b000 	C:\Program Files\Java\jdk-17.0.3\bin\management_ext.dll
0x00007ffd30d30000 - 0x00007ffd30e27000 	C:\Windows\SYSTEM32\PROPSYS.dll
0x00007ffd22a70000 - 0x00007ffd22ba4000 	C:\Windows\System32\Windows.StateRepositoryPS.dll
0x00007ffd2acb0000 - 0x00007ffd2acee000 	C:\Windows\SYSTEM32\windows.staterepositoryclient.dll

dbghelp: loaded successfully - version: 4.0.5 - missing functions: none
symbol engine: initialized successfully - sym options: 0x614 - pdb path: .;C:\Program Files\Java\jdk-17.0.3\bin;C:\Windows\SYSTEM32;C:\Windows\WinSxS\amd64_microsoft.windows.common-controls_6595b64144ccf1df_6.0.22000.120_none_9d947278b86cc467;C:\Program Files\Java\jdk-17.0.3\bin\server;C:\ProgramData\A-Volute\A-Volute.28054DF1F58B4\Modules\ScheduledModules\x64;C:\ProgramData\A-Volute\A-Volute.SonicStudio3\Modules\ScheduledModules\x64;C:\Users\Tyler\.skiko\c6180704433d4cd307fdefa94158c245e717d24d338c13a6d853fedbec7dc53a;C:\Windows\System32\DriverStore\FileRepository\nv_dispi.inf_amd64_47917a79b8c7fd22;C:\Users\Tyler\AppData\Local\Temp\flatlaf.temp;C:\Users\Tyler\AppData\Local\Temp;C:\Users\Tyler\AppData\Local\Temp\lwjgl-rl-amd64\3.3.1-build-7

VM Arguments:
jvm_args: -Dcompose.application.configure.swing.globals=true -Dcompose.application.resources.dir=C:\repo\meteor-client\client\build\compose\tmp\prepareAppResources -Dsun.java2d.uiScale=1.0 -XX:+UseDynamicNumberOfGCThreads -XX:+UseZGC --add-exports=java.base/java.lang=ALL-UNNAMED --add-opens=java.base/java.net=ALL-UNNAMED --add-exports=java.desktop/sun.awt=ALL-UNNAMED --add-exports=java.desktop/sun.java2d=ALL-UNNAMED -Xmx1024m -Dfile.encoding=windows-1252 -Duser.country=US -Duser.language=en -Duser.variant -ea 
java_command: meteor.Main
java_class_path (initial): C:\repo\meteor-client\client\build\libs\meteor-client-1.7-r1.jar;C:\repo\meteor-client\client\src\resources\injected-client.jar;C:\repo\meteor-client\api-rs\build\libs\api-rs-1.0.0.jar;C:\repo\meteor-client\http\build\libs\http-1.0.0.jar;C:\repo\meteor-client\scripts\build\libs\scripts-1.0-SNAPSHOT.jar;C:\repo\meteor-client\api\build\libs\api-1.0.4.jar;C:\Users\Tyler\.gradle\caches\7.5.1\generated-gradle-jars\gradle-api-7.5.1.jar;C:\Users\Tyler\.gradle\wrapper\dists\gradle-7.5.1-bin\7jzzequgds1hbszbhq3npc5ng\gradle-7.5.1\lib\groovy-3.0.10.jar;C:\Users\Tyler\.gradle\wrapper\dists\gradle-7.5.1-bin\7jzzequgds1hbszbhq3npc5ng\gradle-7.5.1\lib\groovy-ant-3.0.10.jar;C:\Users\Tyler\.gradle\wrapper\dists\gradle-7.5.1-bin\7jzzequgds1hbszbhq3npc5ng\gradle-7.5.1\lib\groovy-astbuilder-3.0.10.jar;C:\Users\Tyler\.gradle\wrapper\dists\gradle-7.5.1-bin\7jzzequgds1hbszbhq3npc5ng\gradle-7.5.1\lib\groovy-console-3.0.10.jar;C:\Users\Tyler\.gradle\wrapper\dists\gradle-7.5.1-bin\7jzzequgds1hbszbhq3npc5ng\gradle-7.5.1\lib\groovy-datetime-3.0.10.jar;C:\Users\Tyler\.gradle\wrapper\dists\gradle-7.5.1-bin\7jzzequgds1hbszbhq3npc5ng\gradle-7.5.1\lib\groovy-dateutil-3.0.10.jar;C:\Users\Tyler\.gradle\wrapper\dists\gradle-7.5.1-bin\7jzzequgds1hbszbhq3npc5ng\gradle-7.5.1\lib\groovy-groovydoc-3.0.10.jar;C:\Users\Tyler\.gradle\wrapper\dists\gradle-7.5.1-bin\7jzzequgds1hbszbhq3npc5ng\gradle-7.5.1\lib\groovy-json-3.0.10.jar;C:\Users\Tyler\.gradle\wrapper\dists\gradle-7.5.1-bin\7jzzequgds1hbszbhq3npc5ng\gradle-7.5.1\lib\groovy-nio-3.0.10.jar;C:\Users\Tyler\.gradle\wrapper\dists\gradle-7.5.1-bin\7jzzequgds1hbszbhq3npc5ng\gradle-7.5.1\lib\groovy-sql-3.0.10.jar;C:\Users\Tyler\.gradle\wrapper\dists\gradle-7.5.1-bin\7jzzequgds1hbszbhq3npc5ng\gradle-7.5.1\lib\groovy-templates-3.0.10.jar;C:\Users\Tyler\.gradle\wrapper\dists\gradle-7.5.1-bin\7jzzequgds1hbszbhq3npc5ng\gradle-7.5.1\lib\groovy-test-3.0.10.jar;C:\Users\Tyler\.gradle\wrapper\dists\gradle-7.5.1-bin\7jzzequgds1hbszbhq3npc5n
Launcher Type: SUN_STANDARD

[Global flags]
     intx CICompilerCount                          = 12                                        {product} {ergonomic}
   size_t InitialHeapSize                          = 532676608                                 {product} {ergonomic}
   size_t MaxHeapSize                              = 1073741824                                {product} {command line}
   size_t MinHeapDeltaBytes                        = 2097152                                   {product} {ergonomic}
   size_t MinHeapSize                              = 8388608                                   {product} {ergonomic}
    uintx NonNMethodCodeHeapSize                   = 7602480                                {pd product} {ergonomic}
    uintx NonProfiledCodeHeapSize                  = 122027880                              {pd product} {ergonomic}
    uintx ProfiledCodeHeapSize                     = 122027880                              {pd product} {ergonomic}
    uintx ReservedCodeCacheSize                    = 251658240                              {pd product} {ergonomic}
     bool SegmentedCodeCache                       = true                                      {product} {ergonomic}
   size_t SoftMaxHeapSize                          = 1073741824                             {manageable} {ergonomic}
     bool UseCompressedClassPointers               = true                           {product lp64_product} {ergonomic}
     bool UseCompressedOops                        = false                          {product lp64_product} {ergonomic}
     bool UseDynamicNumberOfGCThreads              = true                                      {product} {command line}
     bool UseLargePagesIndividualAllocation        = false                                  {pd product} {ergonomic}
     bool UseZGC                                   = true                                      {product} {command line}

Logging:
Log output configuration:
 #0: stdout all=warning uptime,level,tags
 #1: stderr all=off uptime,level,tags

Environment Variables:
PATH=C:\Program Files\Common Files\Oracle\Java\javapath;C:\Program Files (x86)\Common Files\Oracle\Java\javapath;C:\Program Files (x86)\VMware\VMware Workstation\bin\;C:\Program Files\Java\jdk-17.0.2\bin;C:\Program Files (x86)\Razer Chroma SDK\bin;C:\Program Files\Razer Chroma SDK\bin;C:\Program Files (x86)\Razer\ChromaBroadcast\bin;C:\Program Files\Razer\ChromaBroadcast\bin;C:\Windows\system32;C:\Windows;C:\Windows\System32\Wbem;C:\Windows\System32\WindowsPowerShell\v1.0\;C:\Windows\System32\OpenSSH\;C:\Program Files\NVIDIA Corporation\NVIDIA NvDLISR;C:\Program Files (x86)\NVIDIA Corporation\PhysX\Common;C:\Program Files\dotnet\;C:\Program Files\Git\cmd;C:\Windows\system32\config\systemprofile\AppData\Local\Microsoft\WindowsApps;C:\Program Files\LLVM\bin;C:\Program Files (x86)\Windows Kits\10\Windows Performance Toolkit\;C:\Users\Tyler\.cargo\bin;C:\Users\Tyler\AppData\Local\Microsoft\WindowsApps;;C:\Users\Tyler\AppData\Local\JetBrains\Toolbox\scripts
USERNAME=Tyler
OS=Windows_NT
PROCESSOR_IDENTIFIER=Intel64 Family 6 Model 151 Stepping 2, GenuineIntel



---------------  S Y S T E M  ---------------

OS:
 Windows 11 , 64 bit Build 22000 (10.0.22000.708)
OS uptime: 0 days 19:39 hours
Hyper-V role detected

CPU: total 24 (initial active 24) (12 cores per cpu, 2 threads per core) family 6 model 151 stepping 2 microcode 0x23, cx8, cmov, fxsr, ht, mmx, 3dnowpref, sse, sse2, sse3, ssse3, sse4.1, sse4.2, popcnt, lzcnt, tsc, tscinvbit, avx, avx2, aes, erms, clmul, bmi1, bmi2, adx, sha, fma, vzeroupper, clflush, clflushopt, clwb, hv

Memory: 4k page, system-wide physical 32509M (13549M free)
TotalPageFile size 40605M (AvailPageFile size 5M)
current process WorkingSet (physical memory assigned to process): 1117M, peak: 1117M
current process commit charge ("private bytes"): 15387M, peak: 15390M

vm_info: Java HotSpot(TM) 64-Bit Server VM (17.0.3+8-LTS-111) for windows-amd64 JRE (17.0.3+8-LTS-111), built on Mar  9 2022 22:40:21 by "mach5one" with MS VC++ 16.8 / 16.9 (VS2019)

END.
